This file contains any messages produced by compilers while
running configure, to aid debugging if configure makes a mistake.

It was created by sombok configure 2011.0RC, which was
generated by GNU Autoconf 2.59.  Invocation command line was

  $ ./configure --disable-shared --enable-static --disable-libthai CC=cc CFLAGS=-fno-strict-aliasing -pipe -Wdeclaration-after-statement -I/usr/local/include -D_LARGEFILE_SOURCE -D_FILE_OFFSET_BITS=64 -O2 -march=i486 -mtune=i686 -fPIC

## --------- ##
## Platform. ##
## --------- ##

hostname = www
uname -m = i686
uname -r = 2.4.26
uname -s = Linux
uname -v = #6 Mon Jun 14 19:07:27 PDT 2004

/usr/bin/uname -p = unknown
/bin/uname -X     = unknown

/bin/arch              = i686
/usr/bin/arch -k       = unknown
/usr/convex/getsysinfo = unknown
hostinfo               = unknown
/bin/machine           = unknown
/usr/bin/oslevel       = unknown
/bin/universe          = unknown

PATH: /usr/local/sbin
PATH: /usr/sbin
PATH: /sbin
PATH: /usr/local/bin
PATH: /usr/bin
PATH: /bin
PATH: /usr/X11R6/bin
PATH: /usr/games
PATH: /opt/www/htdig/bin
PATH: /usr/lib/java/bin
PATH: /usr/lib/java/jre/bin


## ----------- ##
## Core tests. ##
## ----------- ##

configure:1573: checking for a BSD-compatible install
configure:1628: result: /usr/bin/ginstall -c
configure:1639: checking whether build environment is sane
configure:1682: result: yes
configure:1747: checking for gawk
configure:1763: found /usr/bin/gawk
configure:1773: result: gawk
configure:1783: checking whether make sets $(MAKE)
configure:1803: result: yes
configure:1975: checking whether make sets $(MAKE)
configure:1995: result: yes
configure:2082: checking build system type
configure:2100: result: i686-pc-linux-gnu
configure:2108: checking host system type
configure:2122: result: i686-pc-linux-gnu
configure:2142: checking for style of include used by make
configure:2170: result: GNU
configure:2241: checking for gcc
configure:2267: result: cc
configure:2511: checking for C compiler version
configure:2514: cc --version </dev/null >&5
cc (GCC) 3.4.6
Copyright (C) 2006 Free Software Foundation, Inc.
This is free software; see the source for copying conditions.  There is NO
warranty; not even for MERCHANTABILITY or FITNESS FOR A PARTICULAR PURPOSE.

configure:2517: $? = 0
configure:2519: cc -v </dev/null >&5
Reading specs from /usr/lib/gcc/i486-slackware-linux/3.4.6/specs
Configured with: ../gcc-3.4.6/configure --prefix=/usr --enable-shared --enable-threads=posix --enable-__cxa_atexit --disable-checking --with-gnu-ld --verbose --target=i486-slackware-linux --host=i486-slackware-linux
Thread model: posix
gcc version 3.4.6
configure:2522: $? = 0
configure:2524: cc -V </dev/null >&5
cc: `-V' option must have argument
configure:2527: $? = 1
configure:2550: checking for C compiler default output file name
configure:2553: cc -fno-strict-aliasing -pipe -Wdeclaration-after-statement -I/usr/local/include -D_LARGEFILE_SOURCE -D_FILE_OFFSET_BITS=64 -O2 -march=i486 -mtune=i686 -fPIC   conftest.c  >&5
configure:2556: $? = 0
configure:2602: result: a.out
configure:2607: checking whether the C compiler works
configure:2613: ./a.out
configure:2616: $? = 0
configure:2633: result: yes
configure:2640: checking whether we are cross compiling
configure:2642: result: no
configure:2645: checking for suffix of executables
configure:2647: cc -o conftest -fno-strict-aliasing -pipe -Wdeclaration-after-statement -I/usr/local/include -D_LARGEFILE_SOURCE -D_FILE_OFFSET_BITS=64 -O2 -march=i486 -mtune=i686 -fPIC   conftest.c  >&5
configure:2650: $? = 0
configure:2675: result: 
configure:2681: checking for suffix of object files
configure:2702: cc -c -fno-strict-aliasing -pipe -Wdeclaration-after-statement -I/usr/local/include -D_LARGEFILE_SOURCE -D_FILE_OFFSET_BITS=64 -O2 -march=i486 -mtune=i686 -fPIC  conftest.c >&5
configure:2705: $? = 0
configure:2727: result: o
configure:2731: checking whether we are using the GNU C compiler
configure:2755: cc -c -fno-strict-aliasing -pipe -Wdeclaration-after-statement -I/usr/local/include -D_LARGEFILE_SOURCE -D_FILE_OFFSET_BITS=64 -O2 -march=i486 -mtune=i686 -fPIC  conftest.c >&5
configure:2761: $? = 0
configure:2765: test -z 
			 || test ! -s conftest.err
configure:2768: $? = 0
configure:2771: test -s conftest.o
configure:2774: $? = 0
configure:2787: result: yes
configure:2793: checking whether cc accepts -g
configure:2814: cc -c -g  conftest.c >&5
configure:2820: $? = 0
configure:2824: test -z 
			 || test ! -s conftest.err
configure:2827: $? = 0
configure:2830: test -s conftest.o
configure:2833: $? = 0
configure:2844: result: yes
configure:2861: checking for cc option to accept ANSI C
configure:2931: cc  -c -fno-strict-aliasing -pipe -Wdeclaration-after-statement -I/usr/local/include -D_LARGEFILE_SOURCE -D_FILE_OFFSET_BITS=64 -O2 -march=i486 -mtune=i686 -fPIC  conftest.c >&5
configure:2937: $? = 0
configure:2941: test -z 
			 || test ! -s conftest.err
configure:2944: $? = 0
configure:2947: test -s conftest.o
configure:2950: $? = 0
configure:2968: result: none needed
configure:2986: cc -c -fno-strict-aliasing -pipe -Wdeclaration-after-statement -I/usr/local/include -D_LARGEFILE_SOURCE -D_FILE_OFFSET_BITS=64 -O2 -march=i486 -mtune=i686 -fPIC  conftest.c >&5
conftest.c:2: error: syntax error before "me"
configure:2992: $? = 1
configure: failed program was:
| #ifndef __cplusplus
|   choke me
| #endif
configure:3127: checking dependency style of cc
configure:3217: result: gcc3
configure:3234: checking for a sed that does not truncate output
configure:3290: result: /usr/bin/sed
configure:3293: checking for egrep
configure:3303: result: grep -E
configure:3319: checking for ld used by cc
configure:3386: result: /usr/i486-slackware-linux/bin/ld
configure:3395: checking if the linker (/usr/i486-slackware-linux/bin/ld) is GNU ld
configure:3410: result: yes
configure:3415: checking for /usr/i486-slackware-linux/bin/ld option to reload object files
configure:3422: result: -r
configure:3440: checking for BSD-compatible nm
configure:3489: result: /usr/bin/nm -B
configure:3493: checking whether ln -s works
configure:3497: result: yes
configure:3504: checking how to recognise dependent libraries
configure:3680: result: pass_all
configure:3917: checking how to run the C preprocessor
configure:3952: cc -E  conftest.c
configure:3958: $? = 0
configure:3990: cc -E  conftest.c
conftest.c:11:28: ac_nonexistent.h: No such file or directory
configure:3996: $? = 1
configure: failed program was:
| /* confdefs.h.  */
| 
| #define PACKAGE_NAME "sombok"
| #define PACKAGE_TARNAME "sombok"
| #define PACKAGE_VERSION "2011.0RC"
| #define PACKAGE_STRING "sombok 2011.0RC"
| #define PACKAGE_BUGREPORT "hatuka@nezumi.nu"
| #define PACKAGE "sombok"
| #define VERSION "2011.0RC"
| /* end confdefs.h.  */
| #include <ac_nonexistent.h>
configure:4035: result: cc -E
configure:4059: cc -E  conftest.c
configure:4065: $? = 0
configure:4097: cc -E  conftest.c
conftest.c:11:28: ac_nonexistent.h: No such file or directory
configure:4103: $? = 1
configure: failed program was:
| /* confdefs.h.  */
| 
| #define PACKAGE_NAME "sombok"
| #define PACKAGE_TARNAME "sombok"
| #define PACKAGE_VERSION "2011.0RC"
| #define PACKAGE_STRING "sombok 2011.0RC"
| #define PACKAGE_BUGREPORT "hatuka@nezumi.nu"
| #define PACKAGE "sombok"
| #define VERSION "2011.0RC"
| /* end confdefs.h.  */
| #include <ac_nonexistent.h>
configure:4147: checking for ANSI C header files
configure:4172: cc -c -fno-strict-aliasing -pipe -Wdeclaration-after-statement -I/usr/local/include -D_LARGEFILE_SOURCE -D_FILE_OFFSET_BITS=64 -O2 -march=i486 -mtune=i686 -fPIC  conftest.c >&5
configure:4178: $? = 0
configure:4182: test -z 
			 || test ! -s conftest.err
configure:4185: $? = 0
configure:4188: test -s conftest.o
configure:4191: $? = 0
configure:4277: cc -o conftest -fno-strict-aliasing -pipe -Wdeclaration-after-statement -I/usr/local/include -D_LARGEFILE_SOURCE -D_FILE_OFFSET_BITS=64 -O2 -march=i486 -mtune=i686 -fPIC   conftest.c  >&5
configure:4280: $? = 0
configure:4282: ./conftest
configure:4285: $? = 0
configure:4300: result: yes
configure:4324: checking for sys/types.h
configure:4340: cc -c -fno-strict-aliasing -pipe -Wdeclaration-after-statement -I/usr/local/include -D_LARGEFILE_SOURCE -D_FILE_OFFSET_BITS=64 -O2 -march=i486 -mtune=i686 -fPIC  conftest.c >&5
configure:4346: $? = 0
configure:4350: test -z 
			 || test ! -s conftest.err
configure:4353: $? = 0
configure:4356: test -s conftest.o
configure:4359: $? = 0
configure:4370: result: yes
configure:4324: checking for sys/stat.h
configure:4340: cc -c -fno-strict-aliasing -pipe -Wdeclaration-after-statement -I/usr/local/include -D_LARGEFILE_SOURCE -D_FILE_OFFSET_BITS=64 -O2 -march=i486 -mtune=i686 -fPIC  conftest.c >&5
configure:4346: $? = 0
configure:4350: test -z 
			 || test ! -s conftest.err
configure:4353: $? = 0
configure:4356: test -s conftest.o
configure:4359: $? = 0
configure:4370: result: yes
configure:4324: checking for stdlib.h
configure:4340: cc -c -fno-strict-aliasing -pipe -Wdeclaration-after-statement -I/usr/local/include -D_LARGEFILE_SOURCE -D_FILE_OFFSET_BITS=64 -O2 -march=i486 -mtune=i686 -fPIC  conftest.c >&5
configure:4346: $? = 0
configure:4350: test -z 
			 || test ! -s conftest.err
configure:4353: $? = 0
configure:4356: test -s conftest.o
configure:4359: $? = 0
configure:4370: result: yes
configure:4324: checking for string.h
configure:4340: cc -c -fno-strict-aliasing -pipe -Wdeclaration-after-statement -I/usr/local/include -D_LARGEFILE_SOURCE -D_FILE_OFFSET_BITS=64 -O2 -march=i486 -mtune=i686 -fPIC  conftest.c >&5
configure:4346: $? = 0
configure:4350: test -z 
			 || test ! -s conftest.err
configure:4353: $? = 0
configure:4356: test -s conftest.o
configure:4359: $? = 0
configure:4370: result: yes
configure:4324: checking for memory.h
configure:4340: cc -c -fno-strict-aliasing -pipe -Wdeclaration-after-statement -I/usr/local/include -D_LARGEFILE_SOURCE -D_FILE_OFFSET_BITS=64 -O2 -march=i486 -mtune=i686 -fPIC  conftest.c >&5
configure:4346: $? = 0
configure:4350: test -z 
			 || test ! -s conftest.err
configure:4353: $? = 0
configure:4356: test -s conftest.o
configure:4359: $? = 0
configure:4370: result: yes
configure:4324: checking for strings.h
configure:4340: cc -c -fno-strict-aliasing -pipe -Wdeclaration-after-statement -I/usr/local/include -D_LARGEFILE_SOURCE -D_FILE_OFFSET_BITS=64 -O2 -march=i486 -mtune=i686 -fPIC  conftest.c >&5
configure:4346: $? = 0
configure:4350: test -z 
			 || test ! -s conftest.err
configure:4353: $? = 0
configure:4356: test -s conftest.o
configure:4359: $? = 0
configure:4370: result: yes
configure:4324: checking for inttypes.h
configure:4340: cc -c -fno-strict-aliasing -pipe -Wdeclaration-after-statement -I/usr/local/include -D_LARGEFILE_SOURCE -D_FILE_OFFSET_BITS=64 -O2 -march=i486 -mtune=i686 -fPIC  conftest.c >&5
configure:4346: $? = 0
configure:4350: test -z 
			 || test ! -s conftest.err
configure:4353: $? = 0
configure:4356: test -s conftest.o
configure:4359: $? = 0
configure:4370: result: yes
configure:4324: checking for stdint.h
configure:4340: cc -c -fno-strict-aliasing -pipe -Wdeclaration-after-statement -I/usr/local/include -D_LARGEFILE_SOURCE -D_FILE_OFFSET_BITS=64 -O2 -march=i486 -mtune=i686 -fPIC  conftest.c >&5
configure:4346: $? = 0
configure:4350: test -z 
			 || test ! -s conftest.err
configure:4353: $? = 0
configure:4356: test -s conftest.o
configure:4359: $? = 0
configure:4370: result: yes
configure:4324: checking for unistd.h
configure:4340: cc -c -fno-strict-aliasing -pipe -Wdeclaration-after-statement -I/usr/local/include -D_LARGEFILE_SOURCE -D_FILE_OFFSET_BITS=64 -O2 -march=i486 -mtune=i686 -fPIC  conftest.c >&5
configure:4346: $? = 0
configure:4350: test -z 
			 || test ! -s conftest.err
configure:4353: $? = 0
configure:4356: test -s conftest.o
configure:4359: $? = 0
configure:4370: result: yes
configure:4396: checking dlfcn.h usability
configure:4408: cc -c -fno-strict-aliasing -pipe -Wdeclaration-after-statement -I/usr/local/include -D_LARGEFILE_SOURCE -D_FILE_OFFSET_BITS=64 -O2 -march=i486 -mtune=i686 -fPIC  conftest.c >&5
configure:4414: $? = 0
configure:4418: test -z 
			 || test ! -s conftest.err
configure:4421: $? = 0
configure:4424: test -s conftest.o
configure:4427: $? = 0
configure:4437: result: yes
configure:4441: checking dlfcn.h presence
configure:4451: cc -E  conftest.c
configure:4457: $? = 0
configure:4477: result: yes
configure:4512: checking for dlfcn.h
configure:4519: result: yes
configure:4584: checking for g++
configure:4600: found /usr/bin/g++
configure:4610: result: g++
configure:4626: checking for C++ compiler version
configure:4629: g++ --version </dev/null >&5
g++ (GCC) 3.3.4
Copyright (C) 2003 Free Software Foundation, Inc.
This is free software; see the source for copying conditions.  There is NO
warranty; not even for MERCHANTABILITY or FITNESS FOR A PARTICULAR PURPOSE.

configure:4632: $? = 0
configure:4634: g++ -v </dev/null >&5
Using built-in specs.
Configured with: ../gcc-3.3.4/configure --prefix=/usr --enable-shared --enable-threads=posix --enable-__cxa_atexit --disable-checking --with-gnu-ld --verbose --target=i486-slackware-linux --host=i486-slackware-linux
Thread model: posix
gcc version 3.3.4
configure:4637: $? = 0
configure:4639: g++ -V </dev/null >&5
g++: `-V' option must have argument
configure:4642: $? = 1
configure:4645: checking whether we are using the GNU C++ compiler
configure:4669: g++ -c   conftest.cc >&5
configure:4675: $? = 0
configure:4679: test -z 
			 || test ! -s conftest.err
configure:4682: $? = 0
configure:4685: test -s conftest.o
configure:4688: $? = 0
configure:4701: result: yes
configure:4707: checking whether g++ accepts -g
configure:4728: g++ -c -g  conftest.cc >&5
configure:4734: $? = 0
configure:4738: test -z 
			 || test ! -s conftest.err
configure:4741: $? = 0
configure:4744: test -s conftest.o
configure:4747: $? = 0
configure:4758: result: yes
configure:4800: g++ -c -g -O2  conftest.cc >&5
In file included from conftest.cc:23:
/usr/include/stdlib.h:33:20: stddef.h: No such file or directory
In file included from conftest.cc:23:
/usr/include/stdlib.h:140: error: syntax error before `(' token
In file included from conftest.cc:23:
/usr/include/stdlib.h: In function `double atof(const char*)':
/usr/include/stdlib.h:394: error: `NULL' undeclared (first use this function)
/usr/include/stdlib.h:394: error: (Each undeclared identifier is reported only 
   once for each function it appears in.)
In file included from /usr/include/sys/types.h:31,
                 from /usr/include/stdlib.h:433,
                 from conftest.cc:23:
/usr/include/bits/types.h:31:20: stddef.h: No such file or directory
In file included from /usr/include/stdlib.h:433,
                 from conftest.cc:23:
/usr/include/sys/types.h:147:20: stddef.h: No such file or directory
In file included from /usr/include/sys/types.h:266,
                 from /usr/include/stdlib.h:433,
                 from conftest.cc:23:
/usr/include/bits/pthreadtypes.h: At global scope:
/usr/include/bits/pthreadtypes.h:48: error: 'size_t' is used as a type, but is 
   not defined as a type.
/usr/include/bits/pthreadtypes.h:51: error: 'size_t' is used as a type, but is 
   not defined as a type.
In file included from conftest.cc:23:
/usr/include/stdlib.h:450: error: type specifier omitted for parameter `size_t'
/usr/include/stdlib.h:450: error: parse error before `)' token
/usr/include/stdlib.h:480: error: type specifier omitted for parameter `size_t'
/usr/include/stdlib.h:480: error: parse error before `,' token
/usr/include/stdlib.h:584: error: `size_t' was not declared in this scope
/usr/include/stdlib.h:584: error: parse error before `)' token
/usr/include/stdlib.h:586: error: `size_t' was not declared in this scope
/usr/include/stdlib.h:586: error: parse error before `,' token
/usr/include/stdlib.h:595: error: type specifier omitted for parameter `size_t'
/usr/include/stdlib.h:595: error: parse error before `)' token
In file included from /usr/include/stdlib.h:606,
                 from conftest.cc:23:
/usr/include/alloca.h:25:20: stddef.h: No such file or directory
In file included from /usr/include/stdlib.h:606,
                 from conftest.cc:23:
/usr/include/alloca.h:33: error: `size_t' was not declared in this scope
/usr/include/alloca.h:33: error: parse error before `)' token
In file included from conftest.cc:23:
/usr/include/stdlib.h:611: error: `size_t' was not declared in this scope
/usr/include/stdlib.h:611: error: parse error before `)' token
/usr/include/stdlib.h:616: error: type specifier omitted for parameter `size_t'
/usr/include/stdlib.h:616: error: parse error before `,' token
/usr/include/stdlib.h:768: error: type specifier omitted for parameter `size_t'
/usr/include/stdlib.h:768: error: parse error before `,' token
/usr/include/stdlib.h:773: error: type specifier omitted for parameter `size_t'
/usr/include/stdlib.h:773: error: parse error before `,' token
/usr/include/stdlib.h:846: error: type specifier omitted for parameter `size_t'
/usr/include/stdlib.h:846: error: parse error before `)' token
/usr/include/stdlib.h:849: error: type specifier omitted for parameter `size_t'
/usr/include/stdlib.h:849: error: parse error before `)' token
/usr/include/stdlib.h:853: error: type specifier omitted for parameter `size_t'
/usr/include/stdlib.h:853: error: parse error before `)' token
/usr/include/stdlib.h:857: error: type specifier omitted for parameter `size_t'
/usr/include/stdlib.h:857: error: parse error before `)' token
/usr/include/stdlib.h:866: error: type specifier omitted for parameter `size_t'
/usr/include/stdlib.h:866: error: parse error before `)' token
/usr/include/stdlib.h:870: error: type specifier omitted for parameter `size_t'
/usr/include/stdlib.h:870: error: parse error before `)' token
/usr/include/stdlib.h:877: error: syntax error before `(' token
/usr/include/stdlib.h:880: error: syntax error before `(' token
/usr/include/stdlib.h:943: error: type specifier omitted for parameter `size_t'
/usr/include/stdlib.h:943: error: parse error before `)' token
configure:4806: $? = 1
configure: failed program was:
| /* confdefs.h.  */
| 
| #define PACKAGE_NAME "sombok"
| #define PACKAGE_TARNAME "sombok"
| #define PACKAGE_VERSION "2011.0RC"
| #define PACKAGE_STRING "sombok 2011.0RC"
| #define PACKAGE_BUGREPORT "hatuka@nezumi.nu"
| #define PACKAGE "sombok"
| #define VERSION "2011.0RC"
| #define STDC_HEADERS 1
| #define HAVE_SYS_TYPES_H 1
| #define HAVE_SYS_STAT_H 1
| #define HAVE_STDLIB_H 1
| #define HAVE_STRING_H 1
| #define HAVE_MEMORY_H 1
| #define HAVE_STRINGS_H 1
| #define HAVE_INTTYPES_H 1
| #define HAVE_STDINT_H 1
| #define HAVE_UNISTD_H 1
| #define HAVE_DLFCN_H 1
| /* end confdefs.h.  */
| 
| #include <stdlib.h>
| int
| main ()
| {
| exit (42);
|   ;
|   return 0;
| }
configure:4800: g++ -c -g -O2  conftest.cc >&5
In file included from conftest.cc:23:
/usr/include/stdlib.h:33:20: stddef.h: No such file or directory
In file included from conftest.cc:23:
/usr/include/stdlib.h:140: error: syntax error before `(' token
In file included from conftest.cc:23:
/usr/include/stdlib.h: In function `double atof(const char*)':
/usr/include/stdlib.h:394: error: `NULL' undeclared (first use this function)
/usr/include/stdlib.h:394: error: (Each undeclared identifier is reported only 
   once for each function it appears in.)
In file included from /usr/include/sys/types.h:31,
                 from /usr/include/stdlib.h:433,
                 from conftest.cc:23:
/usr/include/bits/types.h:31:20: stddef.h: No such file or directory
In file included from /usr/include/stdlib.h:433,
                 from conftest.cc:23:
/usr/include/sys/types.h:147:20: stddef.h: No such file or directory
In file included from /usr/include/sys/types.h:266,
                 from /usr/include/stdlib.h:433,
                 from conftest.cc:23:
/usr/include/bits/pthreadtypes.h: At global scope:
/usr/include/bits/pthreadtypes.h:48: error: 'size_t' is used as a type, but is 
   not defined as a type.
/usr/include/bits/pthreadtypes.h:51: error: 'size_t' is used as a type, but is 
   not defined as a type.
In file included from conftest.cc:23:
/usr/include/stdlib.h:450: error: type specifier omitted for parameter `size_t'
/usr/include/stdlib.h:450: error: parse error before `)' token
/usr/include/stdlib.h:480: error: type specifier omitted for parameter `size_t'
/usr/include/stdlib.h:480: error: parse error before `,' token
/usr/include/stdlib.h:584: error: `size_t' was not declared in this scope
/usr/include/stdlib.h:584: error: parse error before `)' token
/usr/include/stdlib.h:586: error: `size_t' was not declared in this scope
/usr/include/stdlib.h:586: error: parse error before `,' token
/usr/include/stdlib.h:595: error: type specifier omitted for parameter `size_t'
/usr/include/stdlib.h:595: error: parse error before `)' token
In file included from /usr/include/stdlib.h:606,
                 from conftest.cc:23:
/usr/include/alloca.h:25:20: stddef.h: No such file or directory
In file included from /usr/include/stdlib.h:606,
                 from conftest.cc:23:
/usr/include/alloca.h:33: error: `size_t' was not declared in this scope
/usr/include/alloca.h:33: error: parse error before `)' token
In file included from conftest.cc:23:
/usr/include/stdlib.h:611: error: `size_t' was not declared in this scope
/usr/include/stdlib.h:611: error: parse error before `)' token
/usr/include/stdlib.h:616: error: type specifier omitted for parameter `size_t'
/usr/include/stdlib.h:616: error: parse error before `,' token
/usr/include/stdlib.h:768: error: type specifier omitted for parameter `size_t'
/usr/include/stdlib.h:768: error: parse error before `,' token
/usr/include/stdlib.h:773: error: type specifier omitted for parameter `size_t'
/usr/include/stdlib.h:773: error: parse error before `,' token
/usr/include/stdlib.h:846: error: type specifier omitted for parameter `size_t'
/usr/include/stdlib.h:846: error: parse error before `)' token
/usr/include/stdlib.h:849: error: type specifier omitted for parameter `size_t'
/usr/include/stdlib.h:849: error: parse error before `)' token
/usr/include/stdlib.h:853: error: type specifier omitted for parameter `size_t'
/usr/include/stdlib.h:853: error: parse error before `)' token
/usr/include/stdlib.h:857: error: type specifier omitted for parameter `size_t'
/usr/include/stdlib.h:857: error: parse error before `)' token
/usr/include/stdlib.h:866: error: type specifier omitted for parameter `size_t'
/usr/include/stdlib.h:866: error: parse error before `)' token
/usr/include/stdlib.h:870: error: type specifier omitted for parameter `size_t'
/usr/include/stdlib.h:870: error: parse error before `)' token
/usr/include/stdlib.h:877: error: syntax error before `(' token
/usr/include/stdlib.h:880: error: syntax error before `(' token
/usr/include/stdlib.h:943: error: type specifier omitted for parameter `size_t'
/usr/include/stdlib.h:943: error: parse error before `)' token
configure:4806: $? = 1
configure: failed program was:
| /* confdefs.h.  */
| 
| #define PACKAGE_NAME "sombok"
| #define PACKAGE_TARNAME "sombok"
| #define PACKAGE_VERSION "2011.0RC"
| #define PACKAGE_STRING "sombok 2011.0RC"
| #define PACKAGE_BUGREPORT "hatuka@nezumi.nu"
| #define PACKAGE "sombok"
| #define VERSION "2011.0RC"
| #define STDC_HEADERS 1
| #define HAVE_SYS_TYPES_H 1
| #define HAVE_SYS_STAT_H 1
| #define HAVE_STDLIB_H 1
| #define HAVE_STRING_H 1
| #define HAVE_MEMORY_H 1
| #define HAVE_STRINGS_H 1
| #define HAVE_INTTYPES_H 1
| #define HAVE_STDINT_H 1
| #define HAVE_UNISTD_H 1
| #define HAVE_DLFCN_H 1
| /* end confdefs.h.  */
| extern "C" void std::exit (int) throw (); using std::exit;
| #include <stdlib.h>
| int
| main ()
| {
| exit (42);
|   ;
|   return 0;
| }
configure:4800: g++ -c -g -O2  conftest.cc >&5
In file included from conftest.cc:23:
/usr/include/stdlib.h:33:20: stddef.h: No such file or directory
In file included from conftest.cc:23:
/usr/include/stdlib.h:140: error: syntax error before `(' token
In file included from conftest.cc:23:
/usr/include/stdlib.h: In function `double atof(const char*)':
/usr/include/stdlib.h:394: error: `NULL' undeclared (first use this function)
/usr/include/stdlib.h:394: error: (Each undeclared identifier is reported only 
   once for each function it appears in.)
In file included from /usr/include/sys/types.h:31,
                 from /usr/include/stdlib.h:433,
                 from conftest.cc:23:
/usr/include/bits/types.h:31:20: stddef.h: No such file or directory
In file included from /usr/include/stdlib.h:433,
                 from conftest.cc:23:
/usr/include/sys/types.h:147:20: stddef.h: No such file or directory
In file included from /usr/include/sys/types.h:266,
                 from /usr/include/stdlib.h:433,
                 from conftest.cc:23:
/usr/include/bits/pthreadtypes.h: At global scope:
/usr/include/bits/pthreadtypes.h:48: error: 'size_t' is used as a type, but is 
   not defined as a type.
/usr/include/bits/pthreadtypes.h:51: error: 'size_t' is used as a type, but is 
   not defined as a type.
In file included from conftest.cc:23:
/usr/include/stdlib.h:450: error: type specifier omitted for parameter `size_t'
/usr/include/stdlib.h:450: error: parse error before `)' token
/usr/include/stdlib.h:480: error: type specifier omitted for parameter `size_t'
/usr/include/stdlib.h:480: error: parse error before `,' token
/usr/include/stdlib.h:584: error: `size_t' was not declared in this scope
/usr/include/stdlib.h:584: error: parse error before `)' token
/usr/include/stdlib.h:586: error: `size_t' was not declared in this scope
/usr/include/stdlib.h:586: error: parse error before `,' token
/usr/include/stdlib.h:595: error: type specifier omitted for parameter `size_t'
/usr/include/stdlib.h:595: error: parse error before `)' token
In file included from /usr/include/stdlib.h:606,
                 from conftest.cc:23:
/usr/include/alloca.h:25:20: stddef.h: No such file or directory
In file included from /usr/include/stdlib.h:606,
                 from conftest.cc:23:
/usr/include/alloca.h:33: error: `size_t' was not declared in this scope
/usr/include/alloca.h:33: error: parse error before `)' token
In file included from conftest.cc:23:
/usr/include/stdlib.h:611: error: `size_t' was not declared in this scope
/usr/include/stdlib.h:611: error: parse error before `)' token
/usr/include/stdlib.h:616: error: type specifier omitted for parameter `size_t'
/usr/include/stdlib.h:616: error: parse error before `,' token
/usr/include/stdlib.h:768: error: type specifier omitted for parameter `size_t'
/usr/include/stdlib.h:768: error: parse error before `,' token
/usr/include/stdlib.h:773: error: type specifier omitted for parameter `size_t'
/usr/include/stdlib.h:773: error: parse error before `,' token
/usr/include/stdlib.h:846: error: type specifier omitted for parameter `size_t'
/usr/include/stdlib.h:846: error: parse error before `)' token
/usr/include/stdlib.h:849: error: type specifier omitted for parameter `size_t'
/usr/include/stdlib.h:849: error: parse error before `)' token
/usr/include/stdlib.h:853: error: type specifier omitted for parameter `size_t'
/usr/include/stdlib.h:853: error: parse error before `)' token
/usr/include/stdlib.h:857: error: type specifier omitted for parameter `size_t'
/usr/include/stdlib.h:857: error: parse error before `)' token
/usr/include/stdlib.h:866: error: type specifier omitted for parameter `size_t'
/usr/include/stdlib.h:866: error: parse error before `)' token
/usr/include/stdlib.h:870: error: type specifier omitted for parameter `size_t'
/usr/include/stdlib.h:870: error: parse error before `)' token
/usr/include/stdlib.h:877: error: syntax error before `(' token
/usr/include/stdlib.h:880: error: syntax error before `(' token
/usr/include/stdlib.h:943: error: type specifier omitted for parameter `size_t'
/usr/include/stdlib.h:943: error: parse error before `)' token
configure:4806: $? = 1
configure: failed program was:
| /* confdefs.h.  */
| 
| #define PACKAGE_NAME "sombok"
| #define PACKAGE_TARNAME "sombok"
| #define PACKAGE_VERSION "2011.0RC"
| #define PACKAGE_STRING "sombok 2011.0RC"
| #define PACKAGE_BUGREPORT "hatuka@nezumi.nu"
| #define PACKAGE "sombok"
| #define VERSION "2011.0RC"
| #define STDC_HEADERS 1
| #define HAVE_SYS_TYPES_H 1
| #define HAVE_SYS_STAT_H 1
| #define HAVE_STDLIB_H 1
| #define HAVE_STRING_H 1
| #define HAVE_MEMORY_H 1
| #define HAVE_STRINGS_H 1
| #define HAVE_INTTYPES_H 1
| #define HAVE_STDINT_H 1
| #define HAVE_UNISTD_H 1
| #define HAVE_DLFCN_H 1
| /* end confdefs.h.  */
| extern "C" void std::exit (int); using std::exit;
| #include <stdlib.h>
| int
| main ()
| {
| exit (42);
|   ;
|   return 0;
| }
configure:4800: g++ -c -g -O2  conftest.cc >&5
In file included from conftest.cc:23:
/usr/include/stdlib.h:33:20: stddef.h: No such file or directory
In file included from conftest.cc:23:
/usr/include/stdlib.h:140: error: syntax error before `(' token
In file included from conftest.cc:23:
/usr/include/stdlib.h: In function `double atof(const char*)':
/usr/include/stdlib.h:394: error: `NULL' undeclared (first use this function)
/usr/include/stdlib.h:394: error: (Each undeclared identifier is reported only 
   once for each function it appears in.)
In file included from /usr/include/sys/types.h:31,
                 from /usr/include/stdlib.h:433,
                 from conftest.cc:23:
/usr/include/bits/types.h:31:20: stddef.h: No such file or directory
In file included from /usr/include/stdlib.h:433,
                 from conftest.cc:23:
/usr/include/sys/types.h:147:20: stddef.h: No such file or directory
In file included from /usr/include/sys/types.h:266,
                 from /usr/include/stdlib.h:433,
                 from conftest.cc:23:
/usr/include/bits/pthreadtypes.h: At global scope:
/usr/include/bits/pthreadtypes.h:48: error: 'size_t' is used as a type, but is 
   not defined as a type.
/usr/include/bits/pthreadtypes.h:51: error: 'size_t' is used as a type, but is 
   not defined as a type.
In file included from conftest.cc:23:
/usr/include/stdlib.h:450: error: type specifier omitted for parameter `size_t'
/usr/include/stdlib.h:450: error: parse error before `)' token
/usr/include/stdlib.h:480: error: type specifier omitted for parameter `size_t'
/usr/include/stdlib.h:480: error: parse error before `,' token
/usr/include/stdlib.h:584: error: `size_t' was not declared in this scope
/usr/include/stdlib.h:584: error: parse error before `)' token
/usr/include/stdlib.h:586: error: `size_t' was not declared in this scope
/usr/include/stdlib.h:586: error: parse error before `,' token
/usr/include/stdlib.h:595: error: type specifier omitted for parameter `size_t'
/usr/include/stdlib.h:595: error: parse error before `)' token
In file included from /usr/include/stdlib.h:606,
                 from conftest.cc:23:
/usr/include/alloca.h:25:20: stddef.h: No such file or directory
In file included from /usr/include/stdlib.h:606,
                 from conftest.cc:23:
/usr/include/alloca.h:33: error: `size_t' was not declared in this scope
/usr/include/alloca.h:33: error: parse error before `)' token
In file included from conftest.cc:23:
/usr/include/stdlib.h:611: error: `size_t' was not declared in this scope
/usr/include/stdlib.h:611: error: parse error before `)' token
/usr/include/stdlib.h:616: error: type specifier omitted for parameter `size_t'
/usr/include/stdlib.h:616: error: parse error before `,' token
/usr/include/stdlib.h:768: error: type specifier omitted for parameter `size_t'
/usr/include/stdlib.h:768: error: parse error before `,' token
/usr/include/stdlib.h:773: error: type specifier omitted for parameter `size_t'
/usr/include/stdlib.h:773: error: parse error before `,' token
/usr/include/stdlib.h:846: error: type specifier omitted for parameter `size_t'
/usr/include/stdlib.h:846: error: parse error before `)' token
/usr/include/stdlib.h:849: error: type specifier omitted for parameter `size_t'
/usr/include/stdlib.h:849: error: parse error before `)' token
/usr/include/stdlib.h:853: error: type specifier omitted for parameter `size_t'
/usr/include/stdlib.h:853: error: parse error before `)' token
/usr/include/stdlib.h:857: error: type specifier omitted for parameter `size_t'
/usr/include/stdlib.h:857: error: parse error before `)' token
/usr/include/stdlib.h:866: error: type specifier omitted for parameter `size_t'
/usr/include/stdlib.h:866: error: parse error before `)' token
/usr/include/stdlib.h:870: error: type specifier omitted for parameter `size_t'
/usr/include/stdlib.h:870: error: parse error before `)' token
/usr/include/stdlib.h:877: error: syntax error before `(' token
/usr/include/stdlib.h:880: error: syntax error before `(' token
/usr/include/stdlib.h:943: error: type specifier omitted for parameter `size_t'
/usr/include/stdlib.h:943: error: parse error before `)' token
configure:4806: $? = 1
configure: failed program was:
| /* confdefs.h.  */
| 
| #define PACKAGE_NAME "sombok"
| #define PACKAGE_TARNAME "sombok"
| #define PACKAGE_VERSION "2011.0RC"
| #define PACKAGE_STRING "sombok 2011.0RC"
| #define PACKAGE_BUGREPORT "hatuka@nezumi.nu"
| #define PACKAGE "sombok"
| #define VERSION "2011.0RC"
| #define STDC_HEADERS 1
| #define HAVE_SYS_TYPES_H 1
| #define HAVE_SYS_STAT_H 1
| #define HAVE_STDLIB_H 1
| #define HAVE_STRING_H 1
| #define HAVE_MEMORY_H 1
| #define HAVE_STRINGS_H 1
| #define HAVE_INTTYPES_H 1
| #define HAVE_STDINT_H 1
| #define HAVE_UNISTD_H 1
| #define HAVE_DLFCN_H 1
| /* end confdefs.h.  */
| extern "C" void exit (int) throw ();
| #include <stdlib.h>
| int
| main ()
| {
| exit (42);
|   ;
|   return 0;
| }
configure:4800: g++ -c -g -O2  conftest.cc >&5
In file included from conftest.cc:23:
/usr/include/stdlib.h:33:20: stddef.h: No such file or directory
In file included from conftest.cc:23:
/usr/include/stdlib.h:140: error: syntax error before `(' token
In file included from conftest.cc:23:
/usr/include/stdlib.h: In function `double atof(const char*)':
/usr/include/stdlib.h:394: error: `NULL' undeclared (first use this function)
/usr/include/stdlib.h:394: error: (Each undeclared identifier is reported only 
   once for each function it appears in.)
In file included from /usr/include/sys/types.h:31,
                 from /usr/include/stdlib.h:433,
                 from conftest.cc:23:
/usr/include/bits/types.h:31:20: stddef.h: No such file or directory
In file included from /usr/include/stdlib.h:433,
                 from conftest.cc:23:
/usr/include/sys/types.h:147:20: stddef.h: No such file or directory
In file included from /usr/include/sys/types.h:266,
                 from /usr/include/stdlib.h:433,
                 from conftest.cc:23:
/usr/include/bits/pthreadtypes.h: At global scope:
/usr/include/bits/pthreadtypes.h:48: error: 'size_t' is used as a type, but is 
   not defined as a type.
/usr/include/bits/pthreadtypes.h:51: error: 'size_t' is used as a type, but is 
   not defined as a type.
In file included from conftest.cc:23:
/usr/include/stdlib.h:450: error: type specifier omitted for parameter `size_t'
/usr/include/stdlib.h:450: error: parse error before `)' token
/usr/include/stdlib.h:480: error: type specifier omitted for parameter `size_t'
/usr/include/stdlib.h:480: error: parse error before `,' token
/usr/include/stdlib.h:584: error: `size_t' was not declared in this scope
/usr/include/stdlib.h:584: error: parse error before `)' token
/usr/include/stdlib.h:586: error: `size_t' was not declared in this scope
/usr/include/stdlib.h:586: error: parse error before `,' token
/usr/include/stdlib.h:595: error: type specifier omitted for parameter `size_t'
/usr/include/stdlib.h:595: error: parse error before `)' token
In file included from /usr/include/stdlib.h:606,
                 from conftest.cc:23:
/usr/include/alloca.h:25:20: stddef.h: No such file or directory
In file included from /usr/include/stdlib.h:606,
                 from conftest.cc:23:
/usr/include/alloca.h:33: error: `size_t' was not declared in this scope
/usr/include/alloca.h:33: error: parse error before `)' token
In file included from conftest.cc:23:
/usr/include/stdlib.h:611: error: `size_t' was not declared in this scope
/usr/include/stdlib.h:611: error: parse error before `)' token
/usr/include/stdlib.h:616: error: type specifier omitted for parameter `size_t'
/usr/include/stdlib.h:616: error: parse error before `,' token
/usr/include/stdlib.h:640: error: declaration of `void exit(int) throw ()' 
   throws different exceptions
conftest.cc:22: error: than previous declaration `void exit(int)'
/usr/include/stdlib.h:768: error: type specifier omitted for parameter `size_t'
/usr/include/stdlib.h:768: error: parse error before `,' token
/usr/include/stdlib.h:773: error: type specifier omitted for parameter `size_t'
/usr/include/stdlib.h:773: error: parse error before `,' token
/usr/include/stdlib.h:846: error: type specifier omitted for parameter `size_t'
/usr/include/stdlib.h:846: error: parse error before `)' token
/usr/include/stdlib.h:849: error: type specifier omitted for parameter `size_t'
/usr/include/stdlib.h:849: error: parse error before `)' token
/usr/include/stdlib.h:853: error: type specifier omitted for parameter `size_t'
/usr/include/stdlib.h:853: error: parse error before `)' token
/usr/include/stdlib.h:857: error: type specifier omitted for parameter `size_t'
/usr/include/stdlib.h:857: error: parse error before `)' token
/usr/include/stdlib.h:866: error: type specifier omitted for parameter `size_t'
/usr/include/stdlib.h:866: error: parse error before `)' token
/usr/include/stdlib.h:870: error: type specifier omitted for parameter `size_t'
/usr/include/stdlib.h:870: error: parse error before `)' token
/usr/include/stdlib.h:877: error: syntax error before `(' token
/usr/include/stdlib.h:880: error: syntax error before `(' token
/usr/include/stdlib.h:943: error: type specifier omitted for parameter `size_t'
/usr/include/stdlib.h:943: error: parse error before `)' token
configure:4806: $? = 1
configure: failed program was:
| /* confdefs.h.  */
| 
| #define PACKAGE_NAME "sombok"
| #define PACKAGE_TARNAME "sombok"
| #define PACKAGE_VERSION "2011.0RC"
| #define PACKAGE_STRING "sombok 2011.0RC"
| #define PACKAGE_BUGREPORT "hatuka@nezumi.nu"
| #define PACKAGE "sombok"
| #define VERSION "2011.0RC"
| #define STDC_HEADERS 1
| #define HAVE_SYS_TYPES_H 1
| #define HAVE_SYS_STAT_H 1
| #define HAVE_STDLIB_H 1
| #define HAVE_STRING_H 1
| #define HAVE_MEMORY_H 1
| #define HAVE_STRINGS_H 1
| #define HAVE_INTTYPES_H 1
| #define HAVE_STDINT_H 1
| #define HAVE_UNISTD_H 1
| #define HAVE_DLFCN_H 1
| /* end confdefs.h.  */
| extern "C" void exit (int);
| #include <stdlib.h>
| int
| main ()
| {
| exit (42);
|   ;
|   return 0;
| }
configure:4800: g++ -c -g -O2  conftest.cc >&5
In file included from conftest.cc:23:
/usr/include/stdlib.h:33:20: stddef.h: No such file or directory
In file included from conftest.cc:23:
/usr/include/stdlib.h:140: error: syntax error before `(' token
In file included from conftest.cc:23:
/usr/include/stdlib.h: In function `double atof(const char*)':
/usr/include/stdlib.h:394: error: `NULL' undeclared (first use this function)
/usr/include/stdlib.h:394: error: (Each undeclared identifier is reported only 
   once for each function it appears in.)
In file included from /usr/include/sys/types.h:31,
                 from /usr/include/stdlib.h:433,
                 from conftest.cc:23:
/usr/include/bits/types.h:31:20: stddef.h: No such file or directory
In file included from /usr/include/stdlib.h:433,
                 from conftest.cc:23:
/usr/include/sys/types.h:147:20: stddef.h: No such file or directory
In file included from /usr/include/sys/types.h:266,
                 from /usr/include/stdlib.h:433,
                 from conftest.cc:23:
/usr/include/bits/pthreadtypes.h: At global scope:
/usr/include/bits/pthreadtypes.h:48: error: 'size_t' is used as a type, but is 
   not defined as a type.
/usr/include/bits/pthreadtypes.h:51: error: 'size_t' is used as a type, but is 
   not defined as a type.
In file included from conftest.cc:23:
/usr/include/stdlib.h:450: error: type specifier omitted for parameter `size_t'
/usr/include/stdlib.h:450: error: parse error before `)' token
/usr/include/stdlib.h:480: error: type specifier omitted for parameter `size_t'
/usr/include/stdlib.h:480: error: parse error before `,' token
/usr/include/stdlib.h:584: error: `size_t' was not declared in this scope
/usr/include/stdlib.h:584: error: parse error before `)' token
/usr/include/stdlib.h:586: error: `size_t' was not declared in this scope
/usr/include/stdlib.h:586: error: parse error before `,' token
/usr/include/stdlib.h:595: error: type specifier omitted for parameter `size_t'
/usr/include/stdlib.h:595: error: parse error before `)' token
In file included from /usr/include/stdlib.h:606,
                 from conftest.cc:23:
/usr/include/alloca.h:25:20: stddef.h: No such file or directory
In file included from /usr/include/stdlib.h:606,
                 from conftest.cc:23:
/usr/include/alloca.h:33: error: `size_t' was not declared in this scope
/usr/include/alloca.h:33: error: parse error before `)' token
In file included from conftest.cc:23:
/usr/include/stdlib.h:611: error: `size_t' was not declared in this scope
/usr/include/stdlib.h:611: error: parse error before `)' token
/usr/include/stdlib.h:616: error: type specifier omitted for parameter `size_t'
/usr/include/stdlib.h:616: error: parse error before `,' token
conftest.cc:22: error: previous declaration of `void exit(int)' with C++ 
   linkage
/usr/include/stdlib.h:640: error: conflicts with new declaration with C linkage
/usr/include/stdlib.h:640: error: declaration of `void exit(int) throw ()' 
   throws different exceptions
conftest.cc:22: error: than previous declaration `void exit(int)'
/usr/include/stdlib.h:768: error: type specifier omitted for parameter `size_t'
/usr/include/stdlib.h:768: error: parse error before `,' token
/usr/include/stdlib.h:773: error: type specifier omitted for parameter `size_t'
/usr/include/stdlib.h:773: error: parse error before `,' token
/usr/include/stdlib.h:846: error: type specifier omitted for parameter `size_t'
/usr/include/stdlib.h:846: error: parse error before `)' token
/usr/include/stdlib.h:849: error: type specifier omitted for parameter `size_t'
/usr/include/stdlib.h:849: error: parse error before `)' token
/usr/include/stdlib.h:853: error: type specifier omitted for parameter `size_t'
/usr/include/stdlib.h:853: error: parse error before `)' token
/usr/include/stdlib.h:857: error: type specifier omitted for parameter `size_t'
/usr/include/stdlib.h:857: error: parse error before `)' token
/usr/include/stdlib.h:866: error: type specifier omitted for parameter `size_t'
/usr/include/stdlib.h:866: error: parse error before `)' token
/usr/include/stdlib.h:870: error: type specifier omitted for parameter `size_t'
/usr/include/stdlib.h:870: error: parse error before `)' token
/usr/include/stdlib.h:877: error: syntax error before `(' token
/usr/include/stdlib.h:880: error: syntax error before `(' token
/usr/include/stdlib.h:943: error: type specifier omitted for parameter `size_t'
/usr/include/stdlib.h:943: error: parse error before `)' token
configure:4806: $? = 1
configure: failed program was:
| /* confdefs.h.  */
| 
| #define PACKAGE_NAME "sombok"
| #define PACKAGE_TARNAME "sombok"
| #define PACKAGE_VERSION "2011.0RC"
| #define PACKAGE_STRING "sombok 2011.0RC"
| #define PACKAGE_BUGREPORT "hatuka@nezumi.nu"
| #define PACKAGE "sombok"
| #define VERSION "2011.0RC"
| #define STDC_HEADERS 1
| #define HAVE_SYS_TYPES_H 1
| #define HAVE_SYS_STAT_H 1
| #define HAVE_STDLIB_H 1
| #define HAVE_STRING_H 1
| #define HAVE_MEMORY_H 1
| #define HAVE_STRINGS_H 1
| #define HAVE_INTTYPES_H 1
| #define HAVE_STDINT_H 1
| #define HAVE_UNISTD_H 1
| #define HAVE_DLFCN_H 1
| /* end confdefs.h.  */
| void exit (int);
| #include <stdlib.h>
| int
| main ()
| {
| exit (42);
|   ;
|   return 0;
| }
configure:4889: checking dependency style of g++
configure:4979: result: gcc3
configure:5006: checking how to run the C++ preprocessor
configure:5037: g++ -E  conftest.cc
In file included from conftest.cc:26:
/usr/include/limits.h:124:26: no include path in which to find limits.h
configure:5043: $? = 1
configure: failed program was:
| /* confdefs.h.  */
| 
| #define PACKAGE_NAME "sombok"
| #define PACKAGE_TARNAME "sombok"
| #define PACKAGE_VERSION "2011.0RC"
| #define PACKAGE_STRING "sombok 2011.0RC"
| #define PACKAGE_BUGREPORT "hatuka@nezumi.nu"
| #define PACKAGE "sombok"
| #define VERSION "2011.0RC"
| #define STDC_HEADERS 1
| #define HAVE_SYS_TYPES_H 1
| #define HAVE_SYS_STAT_H 1
| #define HAVE_STDLIB_H 1
| #define HAVE_STRING_H 1
| #define HAVE_MEMORY_H 1
| #define HAVE_STRINGS_H 1
| #define HAVE_INTTYPES_H 1
| #define HAVE_STDINT_H 1
| #define HAVE_UNISTD_H 1
| #define HAVE_DLFCN_H 1
| #ifdef __cplusplus
| void exit (int);
| #endif
| /* end confdefs.h.  */
| #ifdef __STDC__
| # include <limits.h>
| #else
| # include <assert.h>
| #endif
| 		     Syntax error
configure:5037: g++ -E  conftest.cc
In file included from conftest.cc:26:
/usr/include/limits.h:124:26: no include path in which to find limits.h
configure:5043: $? = 1
configure: failed program was:
| /* confdefs.h.  */
| 
| #define PACKAGE_NAME "sombok"
| #define PACKAGE_TARNAME "sombok"
| #define PACKAGE_VERSION "2011.0RC"
| #define PACKAGE_STRING "sombok 2011.0RC"
| #define PACKAGE_BUGREPORT "hatuka@nezumi.nu"
| #define PACKAGE "sombok"
| #define VERSION "2011.0RC"
| #define STDC_HEADERS 1
| #define HAVE_SYS_TYPES_H 1
| #define HAVE_SYS_STAT_H 1
| #define HAVE_STDLIB_H 1
| #define HAVE_STRING_H 1
| #define HAVE_MEMORY_H 1
| #define HAVE_STRINGS_H 1
| #define HAVE_INTTYPES_H 1
| #define HAVE_STDINT_H 1
| #define HAVE_UNISTD_H 1
| #define HAVE_DLFCN_H 1
| #ifdef __cplusplus
| void exit (int);
| #endif
| /* end confdefs.h.  */
| #ifdef __STDC__
| # include <limits.h>
| #else
| # include <assert.h>
| #endif
| 		     Syntax error
configure:5037: /lib/cpp  conftest.cc
cc1plus: error: invalid option `tune=i486'
configure:5043: $? = 1
configure: failed program was:
| /* confdefs.h.  */
| 
| #define PACKAGE_NAME "sombok"
| #define PACKAGE_TARNAME "sombok"
| #define PACKAGE_VERSION "2011.0RC"
| #define PACKAGE_STRING "sombok 2011.0RC"
| #define PACKAGE_BUGREPORT "hatuka@nezumi.nu"
| #define PACKAGE "sombok"
| #define VERSION "2011.0RC"
| #define STDC_HEADERS 1
| #define HAVE_SYS_TYPES_H 1
| #define HAVE_SYS_STAT_H 1
| #define HAVE_STDLIB_H 1
| #define HAVE_STRING_H 1
| #define HAVE_MEMORY_H 1
| #define HAVE_STRINGS_H 1
| #define HAVE_INTTYPES_H 1
| #define HAVE_STDINT_H 1
| #define HAVE_UNISTD_H 1
| #define HAVE_DLFCN_H 1
| #ifdef __cplusplus
| void exit (int);
| #endif
| /* end confdefs.h.  */
| #ifdef __STDC__
| # include <limits.h>
| #else
| # include <assert.h>
| #endif
| 		     Syntax error
configure:5037: /lib/cpp  conftest.cc
cc1plus: error: invalid option `tune=i486'
configure:5043: $? = 1
configure: failed program was:
| /* confdefs.h.  */
| 
| #define PACKAGE_NAME "sombok"
| #define PACKAGE_TARNAME "sombok"
| #define PACKAGE_VERSION "2011.0RC"
| #define PACKAGE_STRING "sombok 2011.0RC"
| #define PACKAGE_BUGREPORT "hatuka@nezumi.nu"
| #define PACKAGE "sombok"
| #define VERSION "2011.0RC"
| #define STDC_HEADERS 1
| #define HAVE_SYS_TYPES_H 1
| #define HAVE_SYS_STAT_H 1
| #define HAVE_STDLIB_H 1
| #define HAVE_STRING_H 1
| #define HAVE_MEMORY_H 1
| #define HAVE_STRINGS_H 1
| #define HAVE_INTTYPES_H 1
| #define HAVE_STDINT_H 1
| #define HAVE_UNISTD_H 1
| #define HAVE_DLFCN_H 1
| #ifdef __cplusplus
| void exit (int);
| #endif
| /* end confdefs.h.  */
| #ifdef __STDC__
| # include <limits.h>
| #else
| # include <assert.h>
| #endif
| 		     Syntax error
configure:5120: result: /lib/cpp
configure:5144: /lib/cpp  conftest.cc
cc1plus: error: invalid option `tune=i486'
configure:5150: $? = 1
configure: failed program was:
| /* confdefs.h.  */
| 
| #define PACKAGE_NAME "sombok"
| #define PACKAGE_TARNAME "sombok"
| #define PACKAGE_VERSION "2011.0RC"
| #define PACKAGE_STRING "sombok 2011.0RC"
| #define PACKAGE_BUGREPORT "hatuka@nezumi.nu"
| #define PACKAGE "sombok"
| #define VERSION "2011.0RC"
| #define STDC_HEADERS 1
| #define HAVE_SYS_TYPES_H 1
| #define HAVE_SYS_STAT_H 1
| #define HAVE_STDLIB_H 1
| #define HAVE_STRING_H 1
| #define HAVE_MEMORY_H 1
| #define HAVE_STRINGS_H 1
| #define HAVE_INTTYPES_H 1
| #define HAVE_STDINT_H 1
| #define HAVE_UNISTD_H 1
| #define HAVE_DLFCN_H 1
| #ifdef __cplusplus
| void exit (int);
| #endif
| /* end confdefs.h.  */
| #ifdef __STDC__
| # include <limits.h>
| #else
| # include <assert.h>
| #endif
| 		     Syntax error
configure:5144: /lib/cpp  conftest.cc
cc1plus: error: invalid option `tune=i486'
configure:5150: $? = 1
configure: failed program was:
| /* confdefs.h.  */
| 
| #define PACKAGE_NAME "sombok"
| #define PACKAGE_TARNAME "sombok"
| #define PACKAGE_VERSION "2011.0RC"
| #define PACKAGE_STRING "sombok 2011.0RC"
| #define PACKAGE_BUGREPORT "hatuka@nezumi.nu"
| #define PACKAGE "sombok"
| #define VERSION "2011.0RC"
| #define STDC_HEADERS 1
| #define HAVE_SYS_TYPES_H 1
| #define HAVE_SYS_STAT_H 1
| #define HAVE_STDLIB_H 1
| #define HAVE_STRING_H 1
| #define HAVE_MEMORY_H 1
| #define HAVE_STRINGS_H 1
| #define HAVE_INTTYPES_H 1
| #define HAVE_STDINT_H 1
| #define HAVE_UNISTD_H 1
| #define HAVE_DLFCN_H 1
| #ifdef __cplusplus
| void exit (int);
| #endif
| /* end confdefs.h.  */
| #ifdef __STDC__
| # include <limits.h>
| #else
| # include <assert.h>
| #endif
| 		     Syntax error
configure:5219: error: C++ preprocessor "/lib/cpp" fails sanity check
See `config.log' for more details.

## ---------------- ##
## Cache variables. ##
## ---------------- ##

ac_cv_build=i686-pc-linux-gnu
ac_cv_build_alias=i686-pc-linux-gnu
ac_cv_c_compiler_gnu=yes
ac_cv_cxx_compiler_gnu=yes
ac_cv_env_CC_set=set
ac_cv_env_CC_value=cc
ac_cv_env_CFLAGS_set=set
ac_cv_env_CFLAGS_value='-fno-strict-aliasing -pipe -Wdeclaration-after-statement -I/usr/local/include -D_LARGEFILE_SOURCE -D_FILE_OFFSET_BITS=64 -O2 -march=i486 -mtune=i686 -fPIC'
ac_cv_env_CPPFLAGS_set=
ac_cv_env_CPPFLAGS_value=
ac_cv_env_CPP_set=
ac_cv_env_CPP_value=
ac_cv_env_CXXCPP_set=
ac_cv_env_CXXCPP_value=
ac_cv_env_CXXFLAGS_set=
ac_cv_env_CXXFLAGS_value=
ac_cv_env_CXX_set=
ac_cv_env_CXX_value=
ac_cv_env_F77_set=
ac_cv_env_F77_value=
ac_cv_env_FFLAGS_set=
ac_cv_env_FFLAGS_value=
ac_cv_env_LDFLAGS_set=
ac_cv_env_LDFLAGS_value=
ac_cv_env_LIBTHAI_CFLAGS_set=
ac_cv_env_LIBTHAI_CFLAGS_value=
ac_cv_env_LIBTHAI_LIBS_set=
ac_cv_env_LIBTHAI_LIBS_value=
ac_cv_env_PKG_CONFIG_set=
ac_cv_env_PKG_CONFIG_value=
ac_cv_env_build_alias_set=
ac_cv_env_build_alias_value=
ac_cv_env_host_alias_set=
ac_cv_env_host_alias_value=
ac_cv_env_target_alias_set=
ac_cv_env_target_alias_value=
ac_cv_exeext=
ac_cv_header_dlfcn_h=yes
ac_cv_header_inttypes_h=yes
ac_cv_header_memory_h=yes
ac_cv_header_stdc=yes
ac_cv_header_stdint_h=yes
ac_cv_header_stdlib_h=yes
ac_cv_header_string_h=yes
ac_cv_header_strings_h=yes
ac_cv_header_sys_stat_h=yes
ac_cv_header_sys_types_h=yes
ac_cv_header_unistd_h=yes
ac_cv_host=i686-pc-linux-gnu
ac_cv_host_alias=i686-pc-linux-gnu
ac_cv_objext=o
ac_cv_path_install='/usr/bin/ginstall -c'
ac_cv_prog_AWK=gawk
ac_cv_prog_CPP='cc -E'
ac_cv_prog_CXXCPP=/lib/cpp
ac_cv_prog_ac_ct_CC=cc
ac_cv_prog_ac_ct_CXX=g++
ac_cv_prog_cc_g=yes
ac_cv_prog_cc_stdc=
ac_cv_prog_cxx_g=yes
ac_cv_prog_egrep='grep -E'
ac_cv_prog_make_make_set=yes
am_cv_CC_dependencies_compiler_type=gcc3
am_cv_CXX_dependencies_compiler_type=gcc3
lt_cv_deplibs_check_method=pass_all
lt_cv_file_magic_cmd='$MAGIC_CMD'
lt_cv_file_magic_test_file=
lt_cv_ld_reload_flag=-r
lt_cv_path_LD=/usr/i486-slackware-linux/bin/ld
lt_cv_path_NM='/usr/bin/nm -B'
lt_cv_path_SED=/usr/bin/sed
lt_cv_prog_gnu_ld=yes

## ----------------- ##
## Output variables. ##
## ----------------- ##

ACLOCAL='${SHELL} /root/.cpan/build/Unicode-LineBreak-2011.01-v5zi0E/sombok/missing --run aclocal-1.9'
AMDEPBACKSLASH='\'
AMDEP_FALSE='#'
AMDEP_TRUE=''
AMTAR='${SHELL} /root/.cpan/build/Unicode-LineBreak-2011.01-v5zi0E/sombok/missing --run tar'
AR=''
AUTOCONF='${SHELL} /root/.cpan/build/Unicode-LineBreak-2011.01-v5zi0E/sombok/missing --run autoconf'
AUTOHEADER='${SHELL} /root/.cpan/build/Unicode-LineBreak-2011.01-v5zi0E/sombok/missing --run autoheader'
AUTOMAKE='${SHELL} /root/.cpan/build/Unicode-LineBreak-2011.01-v5zi0E/sombok/missing --run automake-1.9'
AWK='gawk'
CC='cc'
CCDEPMODE='depmode=gcc3'
CFLAGS='-fno-strict-aliasing -pipe -Wdeclaration-after-statement -I/usr/local/include -D_LARGEFILE_SOURCE -D_FILE_OFFSET_BITS=64 -O2 -march=i486 -mtune=i686 -fPIC'
CPP='cc -E'
CPPFLAGS=''
CXX='g++'
CXXCPP='/lib/cpp'
CXXDEPMODE='depmode=gcc3'
CXXFLAGS='-g -O2'
CYGPATH_W='echo'
DEFS=''
DEPDIR='.deps'
ECHO='echo'
ECHO_C=''
ECHO_N='-n'
ECHO_T=''
EGREP='grep -E'
EXEEXT=''
F77=''
FFLAGS=''
HAVE_STRCASECMP_FALSE=''
HAVE_STRCASECMP_TRUE=''
HAVE_STRERROR_FALSE=''
HAVE_STRERROR_TRUE=''
INSTALL_DATA='${INSTALL} -m 644'
INSTALL_PROGRAM='${INSTALL}'
INSTALL_SCRIPT='${INSTALL}'
INSTALL_STRIP_PROGRAM='${SHELL} $(install_sh) -c -s'
LDFLAGS=''
LIBOBJS=''
LIBS=''
LIBTHAI_CFLAGS=''
LIBTHAI_LIBS=''
LIBTOOL=''
LN_S='ln -s'
LTLIBOBJS=''
MAKEINFO='${SHELL} /root/.cpan/build/Unicode-LineBreak-2011.01-v5zi0E/sombok/missing --run makeinfo'
OBJEXT='o'
PACKAGE='sombok'
PACKAGE_BUGREPORT='hatuka@nezumi.nu'
PACKAGE_NAME='sombok'
PACKAGE_STRING='sombok 2011.0RC'
PACKAGE_TARNAME='sombok'
PACKAGE_VERSION='2011.0RC'
PATH_SEPARATOR=':'
PKG_CONFIG=''
RANLIB=''
SED='/usr/bin/sed'
SET_MAKE=''
SHELL='/bin/sh'
STRIP=''
UNICODE_VERSION=''
VERSION='2011.0RC'
ac_ct_AR=''
ac_ct_CC='cc'
ac_ct_CXX='g++'
ac_ct_F77=''
ac_ct_RANLIB=''
ac_ct_STRIP=''
ac_pt_PKG_CONFIG=''
am__fastdepCC_FALSE='#'
am__fastdepCC_TRUE=''
am__fastdepCXX_FALSE='#'
am__fastdepCXX_TRUE=''
am__include='include'
am__leading_dot='.'
am__quote=''
am__tar='${AMTAR} chof - "$$tardir"'
am__untar='${AMTAR} xf -'
bindir='${exec_prefix}/bin'
build='i686-pc-linux-gnu'
build_alias=''
build_cpu='i686'
build_os='linux-gnu'
build_vendor='pc'
datadir='${prefix}/share'
exec_prefix='NONE'
host='i686-pc-linux-gnu'
host_alias=''
host_cpu='i686'
host_os='linux-gnu'
host_vendor='pc'
includedir='${prefix}/include'
infodir='${prefix}/info'
install_sh='/root/.cpan/build/Unicode-LineBreak-2011.01-v5zi0E/sombok/install-sh'
libdir='${exec_prefix}/lib'
libexecdir='${exec_prefix}/libexec'
localstatedir='${prefix}/var'
mandir='${prefix}/man'
mkdir_p='mkdir -p --'
oldincludedir='/usr/include'
prefix='NONE'
program_transform_name='s,x,x,'
sbindir='${exec_prefix}/sbin'
sharedstatedir='${prefix}/com'
sysconfdir='${prefix}/etc'
target_alias=''

## ----------- ##
## confdefs.h. ##
## ----------- ##

#define HAVE_DLFCN_H 1
#define HAVE_INTTYPES_H 1
#define HAVE_MEMORY_H 1
#define HAVE_STDINT_H 1
#define HAVE_STDLIB_H 1
#define HAVE_STRINGS_H 1
#define HAVE_STRING_H 1
#define HAVE_SYS_STAT_H 1
#define HAVE_SYS_TYPES_H 1
#define HAVE_UNISTD_H 1
#define PACKAGE "sombok"
#define PACKAGE_BUGREPORT "hatuka@nezumi.nu"
#define PACKAGE_NAME "sombok"
#define PACKAGE_STRING "sombok 2011.0RC"
#define PACKAGE_TARNAME "sombok"
#define PACKAGE_VERSION "2011.0RC"
#define STDC_HEADERS 1
#define VERSION "2011.0RC"
#endif
#ifdef __cplusplus
void exit (int);

configure: exit 1
