<!DOCTYPE html>

<html lang="en">
  <head>
    <title>Bug #20043 for Test-WWW-Selenium: Naming tests doesn&#39;t work</title>
    <meta http-equiv="X-UA-Compatible" content="IE=edge" />
    <!-- The X-UA-Compatible <meta> tag above must be very early in <head> -->

    <script>
if (window.top !== window.self) {
    document.write = "";

    window.top.location = window.self.location;

    setTimeout(function(){
        document.body.innerHTML = "";
    }, 1);

    window.self.onload = function(){
        document.body.innerHTML = "";
    };
}
</script>



<link rel="shortcut icon" href="/NoAuth/images/favicon.png" type="image/png" />
<link rel="stylesheet" href="/NoAuth/css/aileron-squished-00f758259152f8b6670ee485f462e6b8.css" type="text/css" media="all" />
<link rel="stylesheet" href="/NoAuth/css/print.css" type="text/css" media="print" />




<script type="text/javascript" src="/NoAuth/js/squished-42167f2409ce368da2d31038e5cb2a57.js"></script>

<script type="text/javascript"><!--
	jQuery( loadTitleBoxStates );

--></script>


<!--[if lt IE 8]>
<link rel="stylesheet" href="/NoAuth/css/aileron/msie.css" type="text/css" media="all" />
<![endif]-->
<!--[if lt IE 7]>
<link rel="stylesheet" href="/NoAuth/css/aileron/msie6.css" type="text/css" media="all" />
<![endif]-->
<script type="text/javascript">
jQuery(document).ready(function(){
    jQuery.fn.supersubs.defaults = {
        maxWidth: 30,
        extraWidth: 2
    };

    jQuery("#app-nav.toplevel").addClass('sf-menu sf-js-enabled sf-shadow').supersubs().superfish({ speed: 'fast' });
    jQuery("#page-menu.toplevel").addClass('sf-menu sf-js-enabled').supersubs().superfish({ dropShadows: false, speed: 'fast' }).supposition();
});
</script>


<!-- Site CSS from theme editor -->
<style type="text/css" media="all" id="sitecss">
</style>

<meta name="google-site-verification" content="kD3-uEJK1AkTqaC-rckcSt_HPkAj674DPPuEN6i-y0g" />

</head>
  <body class="aileron sidebyside" id="comp-Public-Bug-Display">

<div id="logo">
<a href="https://rt.cpan.org/"><img
    src="/NoAuth/images/cpan.png"
    alt="CPAN"
    width="181"
    height="38" /></a>
    <span class="rtname">RT for rt.cpan.org</span>
</div>


<div id="quickbar">
  <div id="quick-personal">
    <span class="hide"><a href="#skipnav">Skip Menu</a> | </span>
</div>

</div>
<div id="header"><h1>Bug #20043 for Test-WWW-Selenium: Naming tests doesn&#39;t work</h1></div>


<div id="main-navigation"><ul id="app-nav" class="toplevel">
 <li id="li-search_dist"><a id="search_dist" class="menu-item " href="/Public/">Search Distributions</a></li>
 <li id="li-browse_dist"><a id="browse_dist" class="menu-item " href="/Public/Dist/Browse.html">Browse Distributions</a></li>
 <li id="li-about" class="has-children"><a id="about" class="menu-item " href="/NoAuth/RT/CPAN/About.html">About rt.cpan.org</a>
 <ul>
  <li id="li-about-usage"><a id="about-usage" class="menu-item " href="/NoAuth/RT/CPAN/Usage.html">How do Iâ€¦?</a></li>
  <li id="li-about-about"><a id="about-about" class="menu-item " href="/NoAuth/RT/CPAN/About.html">About</a></li>
 </ul>
 </li>
 <li id="li-preferences"><a id="preferences" class="menu-item ">Welcome <span class="current-user">anonymous guest</span>.</a></li>
 <li id="li-login"><a id="login" class="menu-item " href="/NoAuth/Logout.html">Login as another user</a></li>
</ul></div>
<div id="page-navigation"><ul id="page-menu" class="toplevel">
 <li id="li-page-active_bugs"><a id="page-active_bugs" class="menu-item " href="/Public/Dist/Display.html?Status=Active;Name=Test-WWW-Selenium">Active bugs</a></li>
 <li id="li-page-resolved_bugs"><a id="page-resolved_bugs" class="menu-item " href="/Public/Dist/Display.html?Status=Resolved;Name=Test-WWW-Selenium">Resolved bugs</a></li>
 <li id="li-page-rejected_bugs"><a id="page-rejected_bugs" class="menu-item " href="/Public/Dist/Display.html?Status=Rejected;Name=Test-WWW-Selenium">Rejected bugs</a></li>
 <li id="li-page-report"><a id="page-report" class="menu-item " href="/Public/Bug/Report.html?Queue=Test-WWW-Selenium">Report a new bug</a></li>
</ul></div>
<div id="topactions"><form action="/Public/Search/Simple.html" id="simple-search">
  <input size="12" name="q" accesskey="0" class="field" value="" placeholder="Search..." />
</form>

<form action="/Public/Bug/Report.html" name="CreateTicketInQueue" id="CreateTicketInQueue" >
<input type="submit" class="button" value="New ticket in" />&nbsp;<label accesskey="9">
  <input name="Queue" size="25" placeholder="Module or distribution" value="" class="select-queue" data-autocomplete="Queues" data-autocomplete-autosubmit=1 data-autocomplete-params="right=CreateTicket" />

</label>

</form>

</div>
<div id="body">
<div id="announcement" style="padding: 1em; margin: 1em; border: solid black 1px; background: #eee">
<a href="https://log.perl.org/2020/12/rtcpanorg-sunset.html">rt.cpan.org will be shut down on March 1st, 2021.</a>
</div>

<a name="skipnav" id="skipnav" accesskey="8"></a>





<p>This queue is for tickets about the <a href="https://metacpan.org/release/Test-WWW-Selenium">Test-WWW-Selenium CPAN distribution</a>.</p>





<div class="">
  <div class="titlebox" id="">
  <div class="titlebox-title">
    <span class="widget"><a href="#" onclick="return rollup('TitleBox\x2D\x2D\x5FPublic\x5FBug\x5FDisplay\x5Fhtml\x2D\x2D\x2D\x2D\x2D\x2DUmVwb3J0IGluZm9ybWF0aW9u\x2D\x2D\x2D0');" title="Toggle visibility"></a></span>
    <span class="left">Report information</span>
    <span class="right-empty">		    </span>
  </div>
  <div class="titlebox-content " id="TitleBox--_Public_Bug_Display_html------UmVwb3J0IGluZm9ybWF0aW9u---0">


<table width="100%" class="ticket-summary">
<tr>
  <td valign="top" class="boxcontainer">
    <div class="ticket-info-basics">
  <div class="titlebox ticket-info-basics " id="">
  <div class="titlebox-title">
    <span class="widget"><a href="#" onclick="return rollup('TitleBox\x2D\x2D\x5FPublic\x5FBug\x5FDisplay\x5Fhtml\x2D\x2Dticket\x2Dinfo\x2Dbasics\x2D\x2D\x2D\x2DVGhlIEJhc2ljcw\x5F\x5F\x2D\x2D\x2D0');" title="Toggle visibility"></a></span>
    <span class="left">The Basics</span>
    <span class="right-empty">		    </span>
  </div>
  <div class="titlebox-content " id="TitleBox--_Public_Bug_Display_html--ticket-info-basics----VGhlIEJhc2ljcw__---0">


        <table>
  <tr class="id">
    <td class="label">Id:</td>
    <td class="value">20043</td>
  </tr>
  <tr class="status">
    <td class="label">Status:</td>
    <td class="value">resolved</td>
  </tr>
  <tr class="priority">
    <td class="label">Priority:</td>
    <td class="value">0/
</td>
  </tr>
  <tr class="queue">
    <td class="label">Queue:</td>
    <td class="value"><a href="/Dist/Display.html?Queue=Test-WWW-Selenium">Test-WWW-Selenium</a>
</td>
  </tr>
</table>

        <hr class="clear" />
  </div>
</div>




</div>


    <div class="ticket-info-people">
  <div class="titlebox ticket-info-people " id="">
  <div class="titlebox-title">
    <span class="widget"><a href="#" onclick="return rollup('TitleBox\x2D\x2D\x5FPublic\x5FBug\x5FDisplay\x5Fhtml\x2D\x2Dticket\x2Dinfo\x2Dpeople\x2D\x2D\x2D\x2DUGVvcGxl\x2D\x2D\x2D0');" title="Toggle visibility"></a></span>
    <span class="left">People</span>
    <span class="right-empty">		    </span>
  </div>
  <div class="titlebox-content " id="TitleBox--_Public_Bug_Display_html--ticket-info-people----UGVvcGxl---0">


        <table>
  <tr>
    <td class="label">Owner:</td>
    <td class="value">Nobody in particular
    
    </td>
  </tr>
  <tr>
    <td class="labeltop">Requestors:</td>
    <td class="value">
srl [...] bestpractical.com

<br />

</td>
  </tr>
  <tr>
    <td class="labeltop">Cc:</td>
    <td class="value">

</td>
  </tr>
  <tr>
    <td class="labeltop">AdminCc:</td>
    <td class="value">

</td>
  </tr>
</table>

        <hr class="clear" />
  </div>
</div>




</div>



  </td>
  <td valign="top" class="boxcontainer">
    
    <div class="ticket-info-cfs">
  <div class="titlebox ticket-info-cfs " id="">
  <div class="titlebox-title">
    <span class="widget"><a href="#" onclick="return rollup('TitleBox\x2D\x2D\x5FPublic\x5FBug\x5FDisplay\x5Fhtml\x2D\x2Dticket\x2Dinfo\x2Dcfs\x2D\x2D\x2D\x2DQnVnIEluZm9ybWF0aW9u\x2D\x2D\x2D0');" title="Toggle visibility"></a></span>
    <span class="left">Bug Information</span>
    <span class="right-empty">		    </span>
  </div>
  <div class="titlebox-content " id="TitleBox--_Public_Bug_Display_html--ticket-info-cfs----QnVnIEluZm9ybWF0aW9u---0">

 
        <table>
  <tr id="CF-1-ShowRow">
    <td class="label">Severity:</td>
    <td class="value">
Normal    </td>
  </tr>
  <tr id="CF-31704-ShowRow">
    <td class="label">Broken in:</td>
    <td class="value">
<i>(no value)</i>
    </td>
  </tr>
  <tr id="CF-31705-ShowRow">
    <td class="label">Fixed in:</td>
    <td class="value">
<i>(no value)</i>
    </td>
  </tr>
</table>


        <hr class="clear" />
  </div>
</div>




</div>


    




  </td>
</tr>
</table>

    <hr class="clear" />
  </div>
</div>




</div>


<br />


<div class="history">
<div class="titlebox" id="">
  <div class="titlebox-title">
    <span class="widget"><a href="#" onclick="return rollup('TitleBox\x2D\x2D\x5FPublic\x5FBug\x5FDisplay\x5Fhtml\x2D\x2D\x2D\x2D\x2D\x2DSGlzdG9yeQ\x5F\x5F\x2D\x2D\x2D0');" title="Toggle visibility"></a></span>
    <span class="left">History</span>
    <span class="right">		<a href="#" data-direction="open" onclick="return toggle_all_folds(this, 'Show\x20all\x20quoted\x20text', 'Hide\x20all\x20quoted\x20text');">Show all quoted text</a> &mdash; <a href="/Public/Bug/Display.html?ShowHeaders=1;id=20043">Show full headers</a>    </span>
  </div>
  <div class="titlebox-content " id="TitleBox--_Public_Bug_Display_html------SGlzdG9yeQ__---0">


<div id="ticket-history">
<div class="ticket-transaction message Create odd">
<div class="ticket-transaction">
  <div class="metadata">
    <span class="type">
      <a name="txn-211994" href="/Public/Bug/Display.html?id=20043#txn-211994">#</a>      
    </span>
    <span class="date">Thu&nbsp;Jun&nbsp;22&nbsp;12:05:21&nbsp;2006</span>
    <span class="description">Guest -  Ticket created</span>
    <span class="time-taken"></span>    <span class="actions hidden"></span>
  </div>
    <div class="content">
      
<table>
  <tr>
    <td align="right" class="message-header-key">Subject:</td>
    <td class="message-header-value"> Naming tests doesn&#39;t work</td>
  </tr>
</table>
<div class="downloadattachment">
<a href="/Ticket/Attachment/211994/83282/">Download &#40;untitled&#41;</a> / <a href="/Ticket/Attachment/WithHeaders/83282">with headers</a>
<br />
<span class="downloadcontenttype">text/plain 195b</span>
</div>
<div class="messagebody">
<div class="message-stanza plain-text-white-space">You&#39;re using Test::More and Test::Builder to build tests, but the
Selenium tests don&#39;t seem to work when I try to name them &#40;using a third
argument&#41;. This makes large test suites rather unwieldy.
</div></div>
    </div>
</div>
</div>
<div class="ticket-transaction message Correspond even">
<div class="ticket-transaction">
  <div class="metadata">
    <span class="type">
      <a name="txn-212060" href="/Public/Bug/Display.html?id=20043#txn-212060">#</a>      
    </span>
    <span class="date">Thu&nbsp;Jun&nbsp;22&nbsp;17:08:48&nbsp;2006</span>
    <span class="description">cpan [...] 5thplane.com -  Correspondence added</span>
    <span class="time-taken"></span>    <span class="actions hidden"></span>
  </div>
    <div class="content">
      
<div class="downloadattachment">
<a href="/Ticket/Attachment/212060/83330/">Download &#40;untitled&#41;</a> / <a href="/Ticket/Attachment/WithHeaders/83330">with headers</a>
<br />
<span class="downloadcontenttype">text/plain 471b</span>
</div>
<div class="messagebody">
<div class="message-stanza plain-text-white-space">On Thu Jun 22 12:05:21 2006, guest wrote:
<span
    class="message-stanza-folder closed"
    onclick="fold_message_stanza(this, 'Show\x20quoted\x20text', 'Hide\x20quoted\x20text');">Show quoted text</span><br /><div class="message-stanza closed">&gt; You&#39;re using Test::More and Test::Builder to build tests, but the
&gt; Selenium tests don&#39;t seem to work when I try to name them &#40;using a third
&gt; argument&#41;. This makes large test suites rather unwieldy.
</div>
I&#39;m aware of this behaviour.  I don&#39;t seem to see it all the time - it
seems only certain commands fail to display the test description.

I&#39;ll look into this when I have some spare time...

... patches are welcome though... :&#41;
</div></div>
    </div>
</div>
</div>
<div class="ticket-transaction basics Status odd">
<div class="ticket-transaction">
  <div class="metadata">
    <span class="type">
      <a name="txn-212061" href="/Public/Bug/Display.html?id=20043#txn-212061">#</a>      
    </span>
    <span class="date">Thu&nbsp;Jun&nbsp;22&nbsp;17:08:50&nbsp;2006</span>
    <span class="description">The RT System itself -  Status changed from &#39;new&#39; to &#39;open&#39;</span>
    <span class="time-taken"></span>    <span class="actions hidden"></span>
  </div>
    <div class="content">
    </div>
</div>
</div>
<div class="ticket-transaction message Correspond even">
<div class="ticket-transaction">
  <div class="metadata">
    <span class="type">
      <a name="txn-212905" href="/Public/Bug/Display.html?id=20043#txn-212905">#</a>      
    </span>
    <span class="date">Sat&nbsp;Jun&nbsp;24&nbsp;20:38:54&nbsp;2006</span>
    <span class="description">cpan [...] 5thplane.com -  Correspondence added</span>
    <span class="time-taken"></span>    <span class="actions hidden"></span>
  </div>
    <div class="content">
      
<div class="downloadattachment">
<a href="/Ticket/Attachment/212905/84002/">Download &#40;untitled&#41;</a> / <a href="/Ticket/Attachment/WithHeaders/84002">with headers</a>
<br />
<span class="downloadcontenttype">text/plain 461b</span>
</div>
<div class="messagebody">
<div class="message-stanza plain-text-white-space">I wrote a bunch more unit tests and fixed this problem.  This should be
out as T-W-S 1.02

1.02 - Sat Jun 24 17:25:35 PDT 2006
 - Added unit tests for all auto-generated functions
 - fixed bugs where line numbers and file info wasn&#39;t reported
 - fixed bug where test description was lost
 - added get_location method to return relative location
 - removed references to contains and lacks functions
 - failed action_ok&#40;&#41; doesn&#39;t die anymore, the test just fails
</div></div>
    </div>
</div>
</div>
<div class="ticket-transaction basics Status odd">
<div class="ticket-transaction">
  <div class="metadata">
    <span class="type">
      <a name="txn-212907" href="/Public/Bug/Display.html?id=20043#txn-212907">#</a>      
    </span>
    <span class="date">Sat&nbsp;Jun&nbsp;24&nbsp;20:38:55&nbsp;2006</span>
    <span class="description">cpan [...] 5thplane.com -  Status changed from &#39;open&#39; to &#39;resolved&#39;</span>
    <span class="time-taken"></span>    <span class="actions hidden"></span>
  </div>
    <div class="content">
    </div>
</div>
</div>
<div class="ticket-transaction message Correspond even">
<div class="ticket-transaction">
  <div class="metadata">
    <span class="type">
      <a name="txn-213502" href="/Public/Bug/Display.html?id=20043#txn-213502">#</a>      
    </span>
    <span class="date">Mon&nbsp;Jun&nbsp;26&nbsp;09:44:57&nbsp;2006</span>
    <span class="description">srl [...] bestpractical.com -  Correspondence added</span>
    <span class="time-taken"></span>    <span class="actions hidden"></span>
  </div>
    <div class="content">
      
<table>
  <tr>
    <td align="right" class="message-header-key">Subject:</td>
    <td class="message-header-value"> Re: [rt.cpan.org #20043] Naming tests doesn&#39;t work</td>
  </tr>
  <tr>
    <td align="right" class="message-header-key">Date:</td>
    <td class="message-header-value"> Mon, 26 Jun 2006 09:44:29 -0400</td>
  </tr>
  <tr>
    <td align="right" class="message-header-key">To:</td>
    <td class="message-header-value"> bug-Test-WWW-Selenium [...] rt.cpan.org</td>
  </tr>
  <tr>
    <td align="right" class="message-header-key">From:</td>
    <td class="message-header-value"> Shane Landrum &lt;srl [...] bestpractical.com&gt;</td>
  </tr>
</table>
<div class="downloadattachment">
<a href="/Ticket/Attachment/213502/84436/">Download &#40;untitled&#41;</a> / <a href="/Ticket/Attachment/WithHeaders/84436">with headers</a>
<br />
<span class="downloadcontenttype">text/plain 4.5k</span>
</div>
<div class="messagebody">
<div class="message-stanza plain-text-white-space">Luke Closs via RT wrote:
<span
    class="message-stanza-folder closed"
    onclick="fold_message_stanza(this, 'Show\x20quoted\x20text', 'Hide\x20quoted\x20text');">Show quoted text</span><br /><div class="message-stanza closed">&gt; &lt;URL: <span class="clickylink"><a target="new" rel="nofollow" href="http://rt.cpan.org/Ticket/Display.html?id=20043">http://rt.cpan.org/Ticket/Display.html?id=20043</a></span> &gt;
&gt; 
&gt; I wrote a bunch more unit tests and fixed this problem.  This should be
&gt; out as T-W-S 1.02
&gt; 
&gt; 1.02 - Sat Jun 24 17:25:35 PDT 2006
&gt;  - Added unit tests for all auto-generated functions
&gt;  - fixed bugs where line numbers and file info wasn&#39;t reported
&gt;  - fixed bug where test description was lost
&gt;  - added get_location method to return relative location
&gt;  - removed references to contains and lacks functions
&gt;  - failed action_ok&#40;&#41; doesn&#39;t die anymore, the test just fails
</div>
Thanks. I&#39;m still seeing failures on this version, though, under perl 5.8.8:

lightning:~/.cpan/sources/authors/id/L/LU/LUKEC/Test-WWW-Selenium-1.02 
srl$ make test

#   Failed test &#39;is fail&#39;
#   in t/test-selenium.t at line 65.
# STDERR is:
# #   Failed test &#39;bar&#39;
# #   in t/test-selenium.t at line 64.
# #          got: &#39;baz&#39;
# #     expected: &#39;foo&#39;
#
# not:
# &#40;?-xism:#\s+Failed\ test.*?\n?.*?t\/test\-selenium\.t at line 64.*\n?&#41;
# as expected

#   Failed test &#39;isnt fail&#39;
#   in t/test-selenium.t at line 78.
# STDERR is:
# #   Failed test &#39;bar&#39;
# #   in t/test-selenium.t at line 77.
# #     &#39;foo&#39;
# #         ne
# #     &#39;foo&#39;
#
# not:
# &#40;?-xism:#\s+Failed\ test.*?\n?.*?t\/test\-selenium\.t at line 77.*\n?&#41;
# as expected

#   Failed test &#39;like fail&#39;
#   in t/test-selenium.t at line 91.
# STDERR is:
# #   Failed test &#39;bar&#39;
# #   in t/test-selenium.t at line 90.
# #                   &#39;baz&#39;
# #     doesn&#39;t match &#39;&#40;?-xism:foo&#41;&#39;
#
# not:
# &#40;?-xism:#\s+Failed\ test.*?\n?.*?t\/test\-selenium\.t at line 90.*\n?&#41;
# as expected

#   Failed test &#39;unlike fail&#39;
#   in t/test-selenium.t at line 104.
# STDERR is:
# #   Failed test &#39;bar&#39;
# #   in t/test-selenium.t at line 103.
# #                   &#39;foo&#39;
# #           matches &#39;&#40;?-xism:foo&#41;&#39;
#
# not:
# &#40;?-xism:#\s+Failed\ test.*?\n?.*?t\/test\-selenium\.t at line 103.*\n?&#41;
# as expected

#   Failed test &#39;is fail&#39;
#   in t/test-selenium.t at line 65.
# STDERR is:
# #   Failed test &#39;bar&#39;
# #   in t/test-selenium.t at line 64.
# #          got: &#39;baz&#39;
# #     expected: &#39;foo&#39;
#
# not:
# &#40;?-xism:#\s+Failed\ test.*?\n?.*?t\/test\-selenium\.t at line 64.*\n?&#41;
# as expected

#   Failed test &#39;isnt fail&#39;
#   in t/test-selenium.t at line 78.
# STDERR is:
# #   Failed test &#39;bar&#39;
# #   in t/test-selenium.t at line 77.
# #     &#39;foo&#39;
# #         ne
# #     &#39;foo&#39;
#
# not:
# &#40;?-xism:#\s+Failed\ test.*?\n?.*?t\/test\-selenium\.t at line 77.*\n?&#41;
# as expected

#   Failed test &#39;like fail&#39;
#   in t/test-selenium.t at line 91.
# STDERR is:
# #   Failed test &#39;bar&#39;
# #   in t/test-selenium.t at line 90.
# #                   &#39;baz&#39;
# #     doesn&#39;t match &#39;&#40;?-xism:foo&#41;&#39;
#
# not:
# &#40;?-xism:#\s+Failed\ test.*?\n?.*?t\/test\-selenium\.t at line 90.*\n?&#41;
# as expected

#   Failed test &#39;unlike fail&#39;
#   in t/test-selenium.t at line 104.
# STDERR is:
# #   Failed test &#39;bar&#39;
# #   in t/test-selenium.t at line 103.
# #                   &#39;foo&#39;
# #           matches &#39;&#40;?-xism:foo&#41;&#39;
#
# not:
# &#40;?-xism:#\s+Failed\ test.*?\n?.*?t\/test\-selenium\.t at line 103.*\n?&#41;
# as expected

#   Failed test &#39;is fail&#39;
#   in t/test-selenium.t at line 149.
# STDERR is:
# #   Failed test &#39;bar&#39;
# #   in t/test-selenium.t at line 148.
# #          got: &#39;baz&#39;
# #     expected: &#39;foo&#39;
#
# not:
# &#40;?-xism:#\s+Failed\ test.*?\n?.*?t\/test\-selenium\.t at line 148.*\n?&#41;
# as expected

#   Failed test &#39;is fail&#39;
#   in t/test-selenium.t at line 149.
# STDERR is:
# #   Failed test &#39;bar&#39;
# #   in t/test-selenium.t at line 148.
# #          got: &#39;baz&#39;
# #     expected: &#39;foo&#39;
#
# not:
# &#40;?-xism:#\s+Failed\ test.*?\n?.*?t\/test\-selenium\.t at line 148.*\n?&#41;
# as expected

#   Failed test &#39;is fail&#39;
#   in t/test-selenium.t at line 149.
# STDERR is:
# #   Failed test &#39;bar&#39;
# #   in t/test-selenium.t at line 148.
# #          got: &#39;baz&#39;
# #     expected: &#39;foo&#39;
#
# not:
# &#40;?-xism:#\s+Failed\ test.*?\n?.*?t\/test\-selenium\.t at line 148.*\n?&#41;
# as expected

#   Failed test &#39;is fail&#39;
#   in t/test-selenium.t at line 149.
# STDERR is:
# #   Failed test &#39;bar&#39;
# #   in t/test-selenium.t at line 148.
# #          got: &#39;baz&#39;
# #     expected: &#39;foo&#39;
#
# not:
# &#40;?-xism:#\s+Failed\ test.*?\n?.*?t\/test\-selenium\.t at line 148.*\n?&#41;
# as expected

#   Failed test &#39;is fail&#39;
#   in t/test-selenium.t at line 191.
# STDERR is:
# #   Failed test &#39;bar&#39;
# #   in t/test-selenium.t at line 190.
# #          got: &#39;/monkey/man&#39;
# #     expected: &#39;foo&#39;
#
# not:
# &#40;?-xism:#\s+Failed\ test.*?\n?.*?t\/test\-selenium\.t at line 190.*\n?&#41;
# as expected
Failed 1/4 test scripts, 75.00% okay. 13/77 subtests failed, 83.12% okay.
make: *** [test_dynamic] Error 25

------------------------
srl
</div></div>
    </div>
</div>
</div>
<div class="ticket-transaction basics Status odd">
<div class="ticket-transaction">
  <div class="metadata">
    <span class="type">
      <a name="txn-213503" href="/Public/Bug/Display.html?id=20043#txn-213503">#</a>      
    </span>
    <span class="date">Mon&nbsp;Jun&nbsp;26&nbsp;09:44:59&nbsp;2006</span>
    <span class="description">The RT System itself -  Status changed from &#39;resolved&#39; to &#39;open&#39;</span>
    <span class="time-taken"></span>    <span class="actions hidden"></span>
  </div>
    <div class="content">
    </div>
</div>
</div>
<div class="ticket-transaction message Correspond even">
<div class="ticket-transaction">
  <div class="metadata">
    <span class="type">
      <a name="txn-213507" href="/Public/Bug/Display.html?id=20043#txn-213507">#</a>      
    </span>
    <span class="date">Mon&nbsp;Jun&nbsp;26&nbsp;09:52:54&nbsp;2006</span>
    <span class="description">lukecloss [...] gmail.com -  Correspondence added</span>
    <span class="time-taken"></span>    <span class="actions hidden"></span>
  </div>
    <div class="content">
      
<table>
  <tr>
    <td align="right" class="message-header-key">Subject:</td>
    <td class="message-header-value"> Re: [rt.cpan.org #20043] Naming tests doesn&#39;t work</td>
  </tr>
  <tr>
    <td align="right" class="message-header-key">Date:</td>
    <td class="message-header-value"> Mon, 26 Jun 2006 06:51:39 -0700</td>
  </tr>
  <tr>
    <td align="right" class="message-header-key">To:</td>
    <td class="message-header-value"> bug-Test-WWW-Selenium [...] rt.cpan.org</td>
  </tr>
  <tr>
    <td align="right" class="message-header-key">From:</td>
    <td class="message-header-value"> &#34;Luke Closs&#34; &lt;lukecloss [...] gmail.com&gt;</td>
  </tr>
</table>
<div class="messageattachments">
<div class="downloadattachment">
<a href="/Ticket/Attachment/213507/84439/">Download &#40;untitled&#41;</a> / <a href="/Ticket/Attachment/WithHeaders/84439">with headers</a>
<br />
<span class="downloadcontenttype">text/plain 5.2k</span>
</div>
<div class="messagebody">
<div class="message-stanza plain-text-white-space">Aha, Yeah, forgot about that.

I hacked my local Test::Builder::Tester to make these tests pass, and then
forgot about it.

I&#39;ll try to talk to someone here at yapc about it.

Thanks for the feedback...

Cheers,
Luke

On 6/26/06, srl@bestpractical.com via RT &lt;bug-Test-WWW-Selenium@rt.cpan.org&gt;
wrote:
<span
    class="message-stanza-folder closed"
    onclick="fold_message_stanza(this, 'Show\x20quoted\x20text', 'Hide\x20quoted\x20text');">Show quoted text</span><br /><div class="message-stanza closed">&gt;
&gt;
&gt;        Queue: Test-WWW-Selenium
&gt; Ticket &lt;URL: <span class="clickylink"><a target="new" rel="nofollow" href="http://rt.cpan.org/Ticket/Display.html?id=20043">http://rt.cpan.org/Ticket/Display.html?id=20043</a></span> &gt;
&gt;
&gt; Luke Closs via RT wrote:
<div class="message-stanza open">&gt; &gt; &lt;URL: <span class="clickylink"><a target="new" rel="nofollow" href="http://rt.cpan.org/Ticket/Display.html?id=20043">http://rt.cpan.org/Ticket/Display.html?id=20043</a></span> &gt;
&gt; &gt;
&gt; &gt; I wrote a bunch more unit tests and fixed this problem.  This should be
&gt; &gt; out as T-W-S 1.02
&gt; &gt;
&gt; &gt; 1.02 - Sat Jun 24 17:25:35 PDT 2006
&gt; &gt;  - Added unit tests for all auto-generated functions
&gt; &gt;  - fixed bugs where line numbers and file info wasn&#39;t reported
&gt; &gt;  - fixed bug where test description was lost
&gt; &gt;  - added get_location method to return relative location
&gt; &gt;  - removed references to contains and lacks functions
&gt; &gt;  - failed action_ok&#40;&#41; doesn&#39;t die anymore, the test just fails
</div>&gt;
&gt; Thanks. I&#39;m still seeing failures on this version, though, under perl
&gt; 5.8.8:
&gt;
&gt; lightning:~/.cpan/sources/authors/id/L/LU/LUKEC/Test-WWW-Selenium-1.02
&gt; srl$ make test
&gt;
&gt; #   Failed test &#39;is fail&#39;
&gt; #   in t/test-selenium.t at line 65.
&gt; # STDERR is:
&gt; # #   Failed test &#39;bar&#39;
&gt; # #   in t/test-selenium.t at line 64.
&gt; # #          got: &#39;baz&#39;
&gt; # #     expected: &#39;foo&#39;
&gt; #
&gt; # not:
&gt; # &#40;?-xism:#\s+Failed\ test.*?\n?.*?t\/test\-selenium\.t at line 64.*\n?&#41;
&gt; # as expected
&gt;
&gt; #   Failed test &#39;isnt fail&#39;
&gt; #   in t/test-selenium.t at line 78.
&gt; # STDERR is:
&gt; # #   Failed test &#39;bar&#39;
&gt; # #   in t/test-selenium.t at line 77.
&gt; # #     &#39;foo&#39;
&gt; # #         ne
&gt; # #     &#39;foo&#39;
&gt; #
&gt; # not:
&gt; # &#40;?-xism:#\s+Failed\ test.*?\n?.*?t\/test\-selenium\.t at line 77.*\n?&#41;
&gt; # as expected
&gt;
&gt; #   Failed test &#39;like fail&#39;
&gt; #   in t/test-selenium.t at line 91.
&gt; # STDERR is:
&gt; # #   Failed test &#39;bar&#39;
&gt; # #   in t/test-selenium.t at line 90.
&gt; # #                   &#39;baz&#39;
&gt; # #     doesn&#39;t match &#39;&#40;?-xism:foo&#41;&#39;
&gt; #
&gt; # not:
&gt; # &#40;?-xism:#\s+Failed\ test.*?\n?.*?t\/test\-selenium\.t at line 90.*\n?&#41;
&gt; # as expected
&gt;
&gt; #   Failed test &#39;unlike fail&#39;
&gt; #   in t/test-selenium.t at line 104.
&gt; # STDERR is:
&gt; # #   Failed test &#39;bar&#39;
&gt; # #   in t/test-selenium.t at line 103.
&gt; # #                   &#39;foo&#39;
&gt; # #           matches &#39;&#40;?-xism:foo&#41;&#39;
&gt; #
&gt; # not:
&gt; # &#40;?-xism:#\s+Failed\ test.*?\n?.*?t\/test\-selenium\.t at line 103.*\n?&#41;
&gt; # as expected
&gt;
&gt; #   Failed test &#39;is fail&#39;
&gt; #   in t/test-selenium.t at line 65.
&gt; # STDERR is:
&gt; # #   Failed test &#39;bar&#39;
&gt; # #   in t/test-selenium.t at line 64.
&gt; # #          got: &#39;baz&#39;
&gt; # #     expected: &#39;foo&#39;
&gt; #
&gt; # not:
&gt; # &#40;?-xism:#\s+Failed\ test.*?\n?.*?t\/test\-selenium\.t at line 64.*\n?&#41;
&gt; # as expected
&gt;
&gt; #   Failed test &#39;isnt fail&#39;
&gt; #   in t/test-selenium.t at line 78.
&gt; # STDERR is:
&gt; # #   Failed test &#39;bar&#39;
&gt; # #   in t/test-selenium.t at line 77.
&gt; # #     &#39;foo&#39;
&gt; # #         ne
&gt; # #     &#39;foo&#39;
&gt; #
&gt; # not:
&gt; # &#40;?-xism:#\s+Failed\ test.*?\n?.*?t\/test\-selenium\.t at line 77.*\n?&#41;
&gt; # as expected
&gt;
&gt; #   Failed test &#39;like fail&#39;
&gt; #   in t/test-selenium.t at line 91.
&gt; # STDERR is:
&gt; # #   Failed test &#39;bar&#39;
&gt; # #   in t/test-selenium.t at line 90.
&gt; # #                   &#39;baz&#39;
&gt; # #     doesn&#39;t match &#39;&#40;?-xism:foo&#41;&#39;
&gt; #
&gt; # not:
&gt; # &#40;?-xism:#\s+Failed\ test.*?\n?.*?t\/test\-selenium\.t at line 90.*\n?&#41;
&gt; # as expected
&gt;
&gt; #   Failed test &#39;unlike fail&#39;
&gt; #   in t/test-selenium.t at line 104.
&gt; # STDERR is:
&gt; # #   Failed test &#39;bar&#39;
&gt; # #   in t/test-selenium.t at line 103.
&gt; # #                   &#39;foo&#39;
&gt; # #           matches &#39;&#40;?-xism:foo&#41;&#39;
&gt; #
&gt; # not:
&gt; # &#40;?-xism:#\s+Failed\ test.*?\n?.*?t\/test\-selenium\.t at line 103.*\n?&#41;
&gt; # as expected
&gt;
&gt; #   Failed test &#39;is fail&#39;
&gt; #   in t/test-selenium.t at line 149.
&gt; # STDERR is:
&gt; # #   Failed test &#39;bar&#39;
&gt; # #   in t/test-selenium.t at line 148.
&gt; # #          got: &#39;baz&#39;
&gt; # #     expected: &#39;foo&#39;
&gt; #
&gt; # not:
&gt; # &#40;?-xism:#\s+Failed\ test.*?\n?.*?t\/test\-selenium\.t at line 148.*\n?&#41;
&gt; # as expected
&gt;
&gt; #   Failed test &#39;is fail&#39;
&gt; #   in t/test-selenium.t at line 149.
&gt; # STDERR is:
&gt; # #   Failed test &#39;bar&#39;
&gt; # #   in t/test-selenium.t at line 148.
&gt; # #          got: &#39;baz&#39;
&gt; # #     expected: &#39;foo&#39;
&gt; #
&gt; # not:
&gt; # &#40;?-xism:#\s+Failed\ test.*?\n?.*?t\/test\-selenium\.t at line 148.*\n?&#41;
&gt; # as expected
&gt;
&gt; #   Failed test &#39;is fail&#39;
&gt; #   in t/test-selenium.t at line 149.
&gt; # STDERR is:
&gt; # #   Failed test &#39;bar&#39;
&gt; # #   in t/test-selenium.t at line 148.
&gt; # #          got: &#39;baz&#39;
&gt; # #     expected: &#39;foo&#39;
&gt; #
&gt; # not:
&gt; # &#40;?-xism:#\s+Failed\ test.*?\n?.*?t\/test\-selenium\.t at line 148.*\n?&#41;
&gt; # as expected
&gt;
&gt; #   Failed test &#39;is fail&#39;
&gt; #   in t/test-selenium.t at line 149.
&gt; # STDERR is:
&gt; # #   Failed test &#39;bar&#39;
&gt; # #   in t/test-selenium.t at line 148.
&gt; # #          got: &#39;baz&#39;
&gt; # #     expected: &#39;foo&#39;
&gt; #
&gt; # not:
&gt; # &#40;?-xism:#\s+Failed\ test.*?\n?.*?t\/test\-selenium\.t at line 148.*\n?&#41;
&gt; # as expected
&gt;
&gt; #   Failed test &#39;is fail&#39;
&gt; #   in t/test-selenium.t at line 191.
&gt; # STDERR is:
&gt; # #   Failed test &#39;bar&#39;
&gt; # #   in t/test-selenium.t at line 190.
&gt; # #          got: &#39;/monkey/man&#39;
&gt; # #     expected: &#39;foo&#39;
&gt; #
&gt; # not:
&gt; # &#40;?-xism:#\s+Failed\ test.*?\n?.*?t\/test\-selenium\.t at line 190.*\n?&#41;
&gt; # as expected
&gt; Failed 1/4 test scripts, 75.00% okay. 13/77 subtests failed, 83.12% okay.
&gt; make: *** [test_dynamic] Error 25
&gt;
&gt; ------------------------
&gt; srl
&gt;
&gt;
</div></div></div>
<div class="downloadattachment">
<a href="/Ticket/Attachment/213507/84440/">Download &#40;untitled&#41;</a> / <a href="/Ticket/Attachment/WithHeaders/84440">with headers</a>
<br />
<span class="downloadcontenttype">text/html 7.7k</span>
</div>
<div class="messagebody">
</div>
</div>
    </div>
</div>
</div>
<div class="ticket-transaction message Correspond odd">
<div class="ticket-transaction">
  <div class="metadata">
    <span class="type">
      <a name="txn-213687" href="/Public/Bug/Display.html?id=20043#txn-213687">#</a>      
    </span>
    <span class="date">Mon&nbsp;Jun&nbsp;26&nbsp;15:00:49&nbsp;2006</span>
    <span class="description">cpan [...] 5thplane.com -  Correspondence added</span>
    <span class="time-taken"></span>    <span class="actions hidden"></span>
  </div>
    <div class="content">
      
<div class="downloadattachment">
<a href="/Ticket/Attachment/213687/84588/">Download &#40;untitled&#41;</a> / <a href="/Ticket/Attachment/WithHeaders/84588">with headers</a>
<br />
<span class="downloadcontenttype">text/plain 5.9k</span>
</div>
<div class="messagebody">
<div class="message-stanza plain-text-white-space">On Mon Jun 26 09:52:54 2006, lukecloss@gmail.com wrote:
<span
    class="message-stanza-folder closed"
    onclick="fold_message_stanza(this, 'Show\x20quoted\x20text', 'Hide\x20quoted\x20text');">Show quoted text</span><br /><div class="message-stanza closed">&gt; Aha, Yeah, forgot about that.
&gt; 
&gt; I hacked my local Test::Builder::Tester to make these tests pass, and then
&gt; forgot about it.
&gt; 
&gt; I&#39;ll try to talk to someone here at yapc about it.
</div>
I just talked to Schwern, and the test failures are a bug in the latest
Test-Simple &#40;it&#39;s fixed in Test-Simple svn&#41;.  I&#39;ll push out 1.03 with an
updated dependency on Test-Simple when it goes live &#40;hopefully later today&#41;.

Luke


<span
    class="message-stanza-folder closed"
    onclick="fold_message_stanza(this, 'Show\x20quoted\x20text', 'Hide\x20quoted\x20text');">Show quoted text</span><br /><div class="message-stanza closed">&gt; 
&gt; Thanks for the feedback...
&gt; 
&gt; Cheers,
&gt; Luke
&gt; 
&gt; On 6/26/06, srl@bestpractical.com via RT
</div>&lt;bug-Test-WWW-Selenium@rt.cpan.org&gt;
<span
    class="message-stanza-folder closed"
    onclick="fold_message_stanza(this, 'Show\x20quoted\x20text', 'Hide\x20quoted\x20text');">Show quoted text</span><br /><div class="message-stanza closed">&gt; wrote:
<div class="message-stanza open">&gt; &gt;
&gt; &gt;
&gt; &gt;        Queue: Test-WWW-Selenium
&gt; &gt; Ticket &lt;URL: <span class="clickylink"><a target="new" rel="nofollow" href="http://rt.cpan.org/Ticket/Display.html?id=20043">http://rt.cpan.org/Ticket/Display.html?id=20043</a></span> &gt;
&gt; &gt;
&gt; &gt; Luke Closs via RT wrote:
<div class="message-stanza open">&gt; &gt; &gt; &lt;URL: <span class="clickylink"><a target="new" rel="nofollow" href="http://rt.cpan.org/Ticket/Display.html?id=20043">http://rt.cpan.org/Ticket/Display.html?id=20043</a></span> &gt;
&gt; &gt; &gt;
&gt; &gt; &gt; I wrote a bunch more unit tests and fixed this problem.  This
</div></div></div>should be
<span
    class="message-stanza-folder closed"
    onclick="fold_message_stanza(this, 'Show\x20quoted\x20text', 'Hide\x20quoted\x20text');">Show quoted text</span><br /><div class="message-stanza closed"><div class="message-stanza open">&gt; &gt; &gt; out as T-W-S 1.02
&gt; &gt; &gt;
&gt; &gt; &gt; 1.02 - Sat Jun 24 17:25:35 PDT 2006
&gt; &gt; &gt;  - Added unit tests for all auto-generated functions
&gt; &gt; &gt;  - fixed bugs where line numbers and file info wasn&#39;t reported
&gt; &gt; &gt;  - fixed bug where test description was lost
&gt; &gt; &gt;  - added get_location method to return relative location
&gt; &gt; &gt;  - removed references to contains and lacks functions
&gt; &gt; &gt;  - failed action_ok&#40;&#41; doesn&#39;t die anymore, the test just fails
</div>&gt; &gt;
&gt; &gt; Thanks. I&#39;m still seeing failures on this version, though, under perl
&gt; &gt; 5.8.8:
&gt; &gt;
&gt; &gt; lightning:~/.cpan/sources/authors/id/L/LU/LUKEC/Test-WWW-Selenium-1.02
&gt; &gt; srl$ make test
&gt; &gt;
&gt; &gt; #   Failed test &#39;is fail&#39;
&gt; &gt; #   in t/test-selenium.t at line 65.
&gt; &gt; # STDERR is:
&gt; &gt; # #   Failed test &#39;bar&#39;
&gt; &gt; # #   in t/test-selenium.t at line 64.
&gt; &gt; # #          got: &#39;baz&#39;
&gt; &gt; # #     expected: &#39;foo&#39;
&gt; &gt; #
&gt; &gt; # not:
&gt; &gt; # &#40;?-xism:#\s+Failed\ test.*?\n?.*?t\/test\-selenium\.t at line 64.*\n?&#41;
&gt; &gt; # as expected
&gt; &gt;
&gt; &gt; #   Failed test &#39;isnt fail&#39;
&gt; &gt; #   in t/test-selenium.t at line 78.
&gt; &gt; # STDERR is:
&gt; &gt; # #   Failed test &#39;bar&#39;
&gt; &gt; # #   in t/test-selenium.t at line 77.
&gt; &gt; # #     &#39;foo&#39;
&gt; &gt; # #         ne
&gt; &gt; # #     &#39;foo&#39;
&gt; &gt; #
&gt; &gt; # not:
&gt; &gt; # &#40;?-xism:#\s+Failed\ test.*?\n?.*?t\/test\-selenium\.t at line 77.*\n?&#41;
&gt; &gt; # as expected
&gt; &gt;
&gt; &gt; #   Failed test &#39;like fail&#39;
&gt; &gt; #   in t/test-selenium.t at line 91.
&gt; &gt; # STDERR is:
&gt; &gt; # #   Failed test &#39;bar&#39;
&gt; &gt; # #   in t/test-selenium.t at line 90.
&gt; &gt; # #                   &#39;baz&#39;
&gt; &gt; # #     doesn&#39;t match &#39;&#40;?-xism:foo&#41;&#39;
&gt; &gt; #
&gt; &gt; # not:
&gt; &gt; # &#40;?-xism:#\s+Failed\ test.*?\n?.*?t\/test\-selenium\.t at line 90.*\n?&#41;
&gt; &gt; # as expected
&gt; &gt;
&gt; &gt; #   Failed test &#39;unlike fail&#39;
&gt; &gt; #   in t/test-selenium.t at line 104.
&gt; &gt; # STDERR is:
&gt; &gt; # #   Failed test &#39;bar&#39;
&gt; &gt; # #   in t/test-selenium.t at line 103.
&gt; &gt; # #                   &#39;foo&#39;
&gt; &gt; # #           matches &#39;&#40;?-xism:foo&#41;&#39;
&gt; &gt; #
&gt; &gt; # not:
&gt; &gt; # &#40;?-xism:#\s+Failed\ test.*?\n?.*?t\/test\-selenium\.t at line
</div>103.*\n?&#41;
<span
    class="message-stanza-folder closed"
    onclick="fold_message_stanza(this, 'Show\x20quoted\x20text', 'Hide\x20quoted\x20text');">Show quoted text</span><br /><div class="message-stanza closed">&gt; &gt; # as expected
&gt; &gt;
&gt; &gt; #   Failed test &#39;is fail&#39;
&gt; &gt; #   in t/test-selenium.t at line 65.
&gt; &gt; # STDERR is:
&gt; &gt; # #   Failed test &#39;bar&#39;
&gt; &gt; # #   in t/test-selenium.t at line 64.
&gt; &gt; # #          got: &#39;baz&#39;
&gt; &gt; # #     expected: &#39;foo&#39;
&gt; &gt; #
&gt; &gt; # not:
&gt; &gt; # &#40;?-xism:#\s+Failed\ test.*?\n?.*?t\/test\-selenium\.t at line 64.*\n?&#41;
&gt; &gt; # as expected
&gt; &gt;
&gt; &gt; #   Failed test &#39;isnt fail&#39;
&gt; &gt; #   in t/test-selenium.t at line 78.
&gt; &gt; # STDERR is:
&gt; &gt; # #   Failed test &#39;bar&#39;
&gt; &gt; # #   in t/test-selenium.t at line 77.
&gt; &gt; # #     &#39;foo&#39;
&gt; &gt; # #         ne
&gt; &gt; # #     &#39;foo&#39;
&gt; &gt; #
&gt; &gt; # not:
&gt; &gt; # &#40;?-xism:#\s+Failed\ test.*?\n?.*?t\/test\-selenium\.t at line 77.*\n?&#41;
&gt; &gt; # as expected
&gt; &gt;
&gt; &gt; #   Failed test &#39;like fail&#39;
&gt; &gt; #   in t/test-selenium.t at line 91.
&gt; &gt; # STDERR is:
&gt; &gt; # #   Failed test &#39;bar&#39;
&gt; &gt; # #   in t/test-selenium.t at line 90.
&gt; &gt; # #                   &#39;baz&#39;
&gt; &gt; # #     doesn&#39;t match &#39;&#40;?-xism:foo&#41;&#39;
&gt; &gt; #
&gt; &gt; # not:
&gt; &gt; # &#40;?-xism:#\s+Failed\ test.*?\n?.*?t\/test\-selenium\.t at line 90.*\n?&#41;
&gt; &gt; # as expected
&gt; &gt;
&gt; &gt; #   Failed test &#39;unlike fail&#39;
&gt; &gt; #   in t/test-selenium.t at line 104.
&gt; &gt; # STDERR is:
&gt; &gt; # #   Failed test &#39;bar&#39;
&gt; &gt; # #   in t/test-selenium.t at line 103.
&gt; &gt; # #                   &#39;foo&#39;
&gt; &gt; # #           matches &#39;&#40;?-xism:foo&#41;&#39;
&gt; &gt; #
&gt; &gt; # not:
&gt; &gt; # &#40;?-xism:#\s+Failed\ test.*?\n?.*?t\/test\-selenium\.t at line
</div>103.*\n?&#41;
<span
    class="message-stanza-folder closed"
    onclick="fold_message_stanza(this, 'Show\x20quoted\x20text', 'Hide\x20quoted\x20text');">Show quoted text</span><br /><div class="message-stanza closed">&gt; &gt; # as expected
&gt; &gt;
&gt; &gt; #   Failed test &#39;is fail&#39;
&gt; &gt; #   in t/test-selenium.t at line 149.
&gt; &gt; # STDERR is:
&gt; &gt; # #   Failed test &#39;bar&#39;
&gt; &gt; # #   in t/test-selenium.t at line 148.
&gt; &gt; # #          got: &#39;baz&#39;
&gt; &gt; # #     expected: &#39;foo&#39;
&gt; &gt; #
&gt; &gt; # not:
&gt; &gt; # &#40;?-xism:#\s+Failed\ test.*?\n?.*?t\/test\-selenium\.t at line
</div>148.*\n?&#41;
<span
    class="message-stanza-folder closed"
    onclick="fold_message_stanza(this, 'Show\x20quoted\x20text', 'Hide\x20quoted\x20text');">Show quoted text</span><br /><div class="message-stanza closed">&gt; &gt; # as expected
&gt; &gt;
&gt; &gt; #   Failed test &#39;is fail&#39;
&gt; &gt; #   in t/test-selenium.t at line 149.
&gt; &gt; # STDERR is:
&gt; &gt; # #   Failed test &#39;bar&#39;
&gt; &gt; # #   in t/test-selenium.t at line 148.
&gt; &gt; # #          got: &#39;baz&#39;
&gt; &gt; # #     expected: &#39;foo&#39;
&gt; &gt; #
&gt; &gt; # not:
&gt; &gt; # &#40;?-xism:#\s+Failed\ test.*?\n?.*?t\/test\-selenium\.t at line
</div>148.*\n?&#41;
<span
    class="message-stanza-folder closed"
    onclick="fold_message_stanza(this, 'Show\x20quoted\x20text', 'Hide\x20quoted\x20text');">Show quoted text</span><br /><div class="message-stanza closed">&gt; &gt; # as expected
&gt; &gt;
&gt; &gt; #   Failed test &#39;is fail&#39;
&gt; &gt; #   in t/test-selenium.t at line 149.
&gt; &gt; # STDERR is:
&gt; &gt; # #   Failed test &#39;bar&#39;
&gt; &gt; # #   in t/test-selenium.t at line 148.
&gt; &gt; # #          got: &#39;baz&#39;
&gt; &gt; # #     expected: &#39;foo&#39;
&gt; &gt; #
&gt; &gt; # not:
&gt; &gt; # &#40;?-xism:#\s+Failed\ test.*?\n?.*?t\/test\-selenium\.t at line
</div>148.*\n?&#41;
<span
    class="message-stanza-folder closed"
    onclick="fold_message_stanza(this, 'Show\x20quoted\x20text', 'Hide\x20quoted\x20text');">Show quoted text</span><br /><div class="message-stanza closed">&gt; &gt; # as expected
&gt; &gt;
&gt; &gt; #   Failed test &#39;is fail&#39;
&gt; &gt; #   in t/test-selenium.t at line 149.
&gt; &gt; # STDERR is:
&gt; &gt; # #   Failed test &#39;bar&#39;
&gt; &gt; # #   in t/test-selenium.t at line 148.
&gt; &gt; # #          got: &#39;baz&#39;
&gt; &gt; # #     expected: &#39;foo&#39;
&gt; &gt; #
&gt; &gt; # not:
&gt; &gt; # &#40;?-xism:#\s+Failed\ test.*?\n?.*?t\/test\-selenium\.t at line
</div>148.*\n?&#41;
<span
    class="message-stanza-folder closed"
    onclick="fold_message_stanza(this, 'Show\x20quoted\x20text', 'Hide\x20quoted\x20text');">Show quoted text</span><br /><div class="message-stanza closed">&gt; &gt; # as expected
&gt; &gt;
&gt; &gt; #   Failed test &#39;is fail&#39;
&gt; &gt; #   in t/test-selenium.t at line 191.
&gt; &gt; # STDERR is:
&gt; &gt; # #   Failed test &#39;bar&#39;
&gt; &gt; # #   in t/test-selenium.t at line 190.
&gt; &gt; # #          got: &#39;/monkey/man&#39;
&gt; &gt; # #     expected: &#39;foo&#39;
&gt; &gt; #
&gt; &gt; # not:
&gt; &gt; # &#40;?-xism:#\s+Failed\ test.*?\n?.*?t\/test\-selenium\.t at line
</div>190.*\n?&#41;
<span
    class="message-stanza-folder closed"
    onclick="fold_message_stanza(this, 'Show\x20quoted\x20text', 'Hide\x20quoted\x20text');">Show quoted text</span><br /><div class="message-stanza closed">&gt; &gt; # as expected
&gt; &gt; Failed 1/4 test scripts, 75.00% okay. 13/77 subtests failed, 83.12%
</div>okay.
<span
    class="message-stanza-folder closed"
    onclick="fold_message_stanza(this, 'Show\x20quoted\x20text', 'Hide\x20quoted\x20text');">Show quoted text</span><br /><div class="message-stanza closed">&gt; &gt; make: *** [test_dynamic] Error 25
&gt; &gt;
&gt; &gt; ------------------------
&gt; &gt; srl
&gt; &gt;
&gt; &gt;
</div></div></div>
    </div>
</div>
</div>
<div class="ticket-transaction message Correspond even">
<div class="ticket-transaction">
  <div class="metadata">
    <span class="type">
      <a name="txn-657548" href="/Public/Bug/Display.html?id=20043#txn-657548">#</a>      
    </span>
    <span class="date">Tue&nbsp;Sep&nbsp;01&nbsp;02:19:55&nbsp;2009</span>
    <span class="description">cpan [...] 5thplane.com -  Correspondence added</span>
    <span class="time-taken"></span>    <span class="actions hidden"></span>
  </div>
    <div class="content">
      
<div class="downloadattachment">
<a href="/Ticket/Attachment/657548/337033/">Download &#40;untitled&#41;</a> / <a href="/Ticket/Attachment/WithHeaders/337033">with headers</a>
<br />
<span class="downloadcontenttype">text/plain 24b</span>
</div>
<div class="messagebody">
<div class="message-stanza plain-text-white-space">This was fixed long ago.
</div></div>
    </div>
</div>
</div>
<div class="ticket-transaction basics Status odd">
<div class="ticket-transaction">
  <div class="metadata">
    <span class="type">
      <a name="txn-657551" href="/Public/Bug/Display.html?id=20043#txn-657551">#</a>      
    </span>
    <span class="date">Tue&nbsp;Sep&nbsp;01&nbsp;02:19:56&nbsp;2009</span>
    <span class="description">cpan [...] 5thplane.com -  Status changed from &#39;open&#39; to &#39;resolved&#39;</span>
    <span class="time-taken"></span>    <span class="actions hidden"></span>
  </div>
    <div class="content">
    </div>
</div>
</div>
</div>
    <hr class="clear" />
  </div>
</div>




</div>
 


  <hr class="clear" />
</div>
<p id="sponsors">
  This service is sponsored and maintained by
  <a href="http://bestpractical.com">Best Practical Solutions</a> and runs on
  <a href="http://noc.perl.org">Perl.org</a> infrastructure.
</p>

<p id="contact-info">
  Please report any issues with rt.cpan.org to <a href="mailto:rt-cpan-admin@bestpractical.com">rt-cpan-admin@bestpractical.com</a>.
</p>

<script>
  (function(i,s,o,g,r,a,m){i['GoogleAnalyticsObject']=r;i[r]=i[r]||function(){
  (i[r].q=i[r].q||[]).push(arguments)},i[r].l=1*new Date();a=s.createElement(o),
  m=s.getElementsByTagName(o)[0];a.async=1;a.src=g;m.parentNode.insertBefore(a,m)
  })(window,document,'script','//www.google-analytics.com/analytics.js','ga');

  ga('create', 'UA\x2D937849\x2D12');
  ga('send', 'pageview');
</script>

<div id="footer">
  <p id="time"><span>Time to display: 0.55893</span></p>
  <p id="bpscredits"><span>&#187;&#124;&#171; RT 4.0.18 Copyright 1996-2013 <a href="http://www.bestpractical.com?rt=4.0.18">Best Practical Solutions, LLC</a>.
</span></p>
</div>
  </body>
</html>
